#
# A fatal error has been detected by the Java Runtime Environment:
#
#  EXCEPTION_ACCESS_VIOLATION (0xc0000005) at pc=0x00007ff90a8233ba, pid=18368, tid=15808
#
# JRE version: OpenJDK Runtime Environment (11.0.6+10) (build 11.0.6+10)
# Java VM: OpenJDK 64-Bit Server VM (11.0.6+10, mixed mode, tiered, compressed oops, g1 gc, windows-amd64)
# Problematic frame:
# C  [awt.dll+0xd33ba]
#
# No core dump will be written. Minidumps are not enabled by default on client versions of Windows
#
# If you would like to submit a bug report, please visit:
#   https://github.com/AdoptOpenJDK/openjdk-support/issues
# The crash happened outside the Java Virtual Machine in native code.
# See problematic frame for where to report the bug.
#

---------------  S U M M A R Y ------------

Command Line: -Dfile.encoding=Cp1252 calculator.Main

Host: Intel(R) Core(TM) i7-8550U CPU @ 1.80GHz, 8 cores, 7G,  Windows 10 , 64 bit Build 18362 (10.0.18362.329)
Time: Mon Mar  2 00:01:23 2020 GTB Standard Time elapsed time: 1790 seconds (0d 0h 29m 50s)

---------------  T H R E A D  ---------------

Current thread (0x0000019db2815000):  JavaThread "AWT-EventQueue-0" [_thread_in_native, id=15808, stack(0x000000085d900000,0x000000085da00000)]

Stack: [0x000000085d900000,0x000000085da00000],  sp=0x000000085d9fcbd0,  free space=1010k
Native frames: (J=compiled Java code, j=interpreted, Vv=VM code, C=native code)
C  [awt.dll+0xd33ba]

Java frames: (J=compiled Java code, j=interpreted, Vv=VM code)
j  sun.awt.Win32GraphicsDevice.initNativeScale(I)V+0 java.desktop@11.0.6
j  sun.awt.Win32GraphicsDevice.initScaleFactors()V+60 java.desktop@11.0.6
j  sun.awt.Win32GraphicsDevice.displayChanged()V+16 java.desktop@11.0.6
j  sun.awt.Win32GraphicsEnvironment.displayChanged()V+271 java.desktop@11.0.6
j  sun.awt.windows.WToolkit.lambda$displayChanged$2()V+15 java.desktop@11.0.6
j  sun.awt.windows.WToolkit$$Lambda$117.run()V+0 java.desktop@11.0.6
j  java.awt.event.InvocationEvent.dispatch()V+47 java.desktop@11.0.6
j  java.awt.EventQueue.dispatchEventImpl(Ljava/awt/AWTEvent;Ljava/lang/Object;)V+21 java.desktop@11.0.6
j  java.awt.EventQueue$4.run()Ljava/lang/Void;+32 java.desktop@11.0.6
j  java.awt.EventQueue$4.run()Ljava/lang/Object;+1 java.desktop@11.0.6
v  ~StubRoutines::call_stub
J 1190  java.security.AccessController.doPrivileged(Ljava/security/PrivilegedAction;Ljava/security/AccessControlContext;)Ljava/lang/Object; java.base@11.0.6 (0 bytes) @ 0x0000019da1fae5a6 [0x0000019da1fae540+0x0000000000000066]
J 1214 c1 java.awt.EventQueue.dispatchEvent(Ljava/awt/AWTEvent;)V java.desktop@11.0.6 (80 bytes) @ 0x0000019d9ac2893c [0x0000019d9ac28220+0x000000000000071c]
J 1216 c1 java.awt.EventDispatchThread.pumpOneEventForFilters(I)V java.desktop@11.0.6 (113 bytes) @ 0x0000019d9ac2b6ac [0x0000019d9ac2afa0+0x000000000000070c]
j  java.awt.EventDispatchThread.pumpEventsForFilter(ILjava/awt/Conditional;Ljava/awt/EventFilter;)V+35 java.desktop@11.0.6
j  java.awt.EventDispatchThread.pumpEventsForHierarchy(ILjava/awt/Conditional;Ljava/awt/Component;)V+11 java.desktop@11.0.6
j  java.awt.EventDispatchThread.pumpEvents(ILjava/awt/Conditional;)V+4 java.desktop@11.0.6
j  java.awt.EventDispatchThread.pumpEvents(Ljava/awt/Conditional;)V+3 java.desktop@11.0.6
j  java.awt.EventDispatchThread.run()V+9 java.desktop@11.0.6
v  ~StubRoutines::call_stub

siginfo: EXCEPTION_ACCESS_VIOLATION (0xc0000005), reading address 0x000000000074658f


Register to memory mapping:

RIP=0x00007ff90a8233ba awt.dll
RAX=0x000000085d9fcbf8 is pointing into the stack for thread: 0x0000019db2815000
RBX=0x0000000000746567 is an unknown value
RCX=0x0000000000746567 is an unknown value
RDX=0x0 is NULL
RSP=0x000000085d9fcbd0 is pointing into the stack for thread: 0x0000019db2815000
RBP=0x000000085d9fccb8 is pointing into the stack for thread: 0x0000019db2815000
RSI=0x0 is NULL
RDI=0x0 is NULL
R8 =0x0000000000000001 is an unknown value
R9 =0x00000000000000dd is an unknown value
R10=0x0000019d9a47f008 is at code_begin+1000 in an Interpreter codelet
method entry point (kind = native)  [0x0000019d9a47ec20, 0x0000019d9a47f780]  2912 bytes
R11=0x0000000000000100 is an unknown value
R12=0x0 is NULL
R13={method} {0x0000019db1c64500} 'initNativeScale' '(I)V' in 'sun/awt/Win32GraphicsDevice'
R14=0x000000085d9fcce0 is pointing into the stack for thread: 0x0000019db2815000
R15=0x0000019db2815000 is a thread


Registers:
RAX=0x000000085d9fcbf8, RBX=0x0000000000746567, RCX=0x0000000000746567, RDX=0x0000000000000000
RSP=0x000000085d9fcbd0, RBP=0x000000085d9fccb8, RSI=0x0000000000000000, RDI=0x0000000000000000
R8 =0x0000000000000001, R9 =0x00000000000000dd, R10=0x0000019d9a47f008, R11=0x0000000000000100
R12=0x0000000000000000, R13=0x0000019db1c644f8, R14=0x000000085d9fcce0, R15=0x0000019db2815000
RIP=0x00007ff90a8233ba, EFLAGS=0x0000000000010202

Top of Stack: (sp=0x000000085d9fcbd0)
0x000000085d9fcbd0:   0000019db27b3c80 0000000000000000
0x000000085d9fcbe0:   fffffffffffffffe 00000000000000b5
0x000000085d9fcbf0:   0000019db27b3c80 00007ff90a8247a4
0x000000085d9fcc00:   00007ff9bf800000 0000019db1c644f8
0x000000085d9fcc10:   0000000000000000 00007ff8fe374b6a
0x000000085d9fcc20:   fffffffffffffffe 0000019d90634070
0x000000085d9fcc30:   0000019d9a479b80 0000019d9a47f037
0x000000085d9fcc40:   0000019db1c644f8 0000000000000000
0x000000085d9fcc50:   000000085d9fcda0 0000000000000000
0x000000085d9fcc60:   000000085d9fcd90 00007ff8fe385589
0x000000085d9fcc70:   000000085d9fcc70 0000000000000000
0x000000085d9fcc80:   000000085d9fcce0 0000019db1c67048
0x000000085d9fcc90:   0000000000000000 0000000089878b08
0x000000085d9fcca0:   0000019db1c644f8 0000000000000000
0x000000085d9fccb0:   000000085d9fccd8 000000085d9fcd30
0x000000085d9fccc0:   0000019d9a479e03 0000000000000000 

Instructions: (pc=0x00007ff90a8233ba)
0x00007ff90a8232ba:   08 33 ff 48 85 c9 74 07 48 8b b9 08 0c 00 00 48
0x00007ff90a8232ca:   8b cb e8 9f 51 f5 ff 90 48 8b c7 48 8b 5c 24 40
0x00007ff90a8232da:   48 83 c4 30 5f c3 f3 0f 10 41 48 c3 cc cc f3 0f
0x00007ff90a8232ea:   10 41 4c c3 cc cc 40 57 48 83 ec 30 48 c7 44 24
0x00007ff90a8232fa:   20 fe ff ff ff 48 89 5c 24 40 48 89 74 24 50 48
0x00007ff90a82330a:   8b f1 ba 02 00 01 00 48 8b 0d 40 db 07 00 e8 36
0x00007ff90a82331a:   ec 00 00 48 8b d8 e8 3b 50 f5 ff 48 85 c0 75 08
0x00007ff90a82332a:   48 8b cb e8 1e 52 f5 ff e8 29 50 f5 ff 48 8b d8
0x00007ff90a82333a:   48 89 44 24 48 33 ff 39 78 0c 7e 27 41 b8 01 00
0x00007ff90a82334a:   00 00 8b d7 48 8b cb e8 6a 4f f5 ff 48 8b 50 28
0x00007ff90a82335a:   48 8b ce e8 92 f6 ff ff 85 c0 75 0d ff c7 3b 7b
0x00007ff90a82336a:   0c 7c d9 8b 3d 1d e0 07 00 48 8b cb e8 f5 50 f5
0x00007ff90a82337a:   ff 90 8b c7 48 8b 5c 24 40 48 8b 74 24 50 48 83
0x00007ff90a82338a:   c4 30 5f c3 cc cc 48 8b 41 08 48 8b 80 18 0c 00
0x00007ff90a82339a:   00 c3 48 8b 41 08 48 05 00 04 00 00 c3 cc 48 8b
0x00007ff90a8233aa:   c4 53 48 83 ec 20 48 8b d9 c7 40 08 00 00 80 bf
0x00007ff90a8233ba:   48 8b 49 28 4c 8d 40 10 48 8d 50 08 c7 40 10 00
0x00007ff90a8233ca:   00 80 bf e8 52 cc 00 00 f3 0f 10 54 24 30 0f 57
0x00007ff90a8233da:   c0 0f 2f d0 76 25 f3 0f 10 4c 24 38 0f 2f c8 76
0x00007ff90a8233ea:   1a f3 0f 5e 15 81 f1 02 00 f3 0f 5e 0d 79 f1 02
0x00007ff90a8233fa:   00 f3 0f 11 53 48 f3 0f 11 4b 4c 48 83 c4 20 5b
0x00007ff90a82340a:   c3 cc 48 8b c4 57 41 54 41 56 48 83 ec 50 48 c7
0x00007ff90a82341a:   40 d8 fe ff ff ff 48 89 58 10 48 89 70 18 48 8b
0x00007ff90a82342a:   d9 48 8b 41 18 33 ff 48 85 c0 75 18 b9 28 04 00
0x00007ff90a82343a:   00 e8 88 88 00 00 48 89 43 18 c7 00 28 00 00 00
0x00007ff90a82344a:   48 8b 43 18 66 89 78 0e 48 8b 4b 28 e8 29 03 00
0x00007ff90a82345a:   00 48 8b f0 41 bc 01 00 00 00 45 8b c4 41 8b d4
0x00007ff90a82346a:   48 8b c8 ff 15 9d a0 07 00 4c 8b f0 89 7c 24 30
0x00007ff90a82347a:   48 8b 4b 18 48 89 4c 24 28 48 89 7c 24 20 45 8b
0x00007ff90a82348a:   cc 45 33 c0 48 8b d0 48 8b ce ff 15 5e a1 07 00
0x00007ff90a82349a:   48 8b 0b 41 8d 54 24 07 48 8b 43 30 39 51 04 0f
0x00007ff90a8234aa:   8e ca 01 00 00 44 84 60 24 74 09 89 3d d9 de 07 


Stack slot to memory mapping:
stack at sp + 0 slots: 0x0000019db27b3c80 points into unknown readable memory: d0 61 00 b2 9d 01 00 00
stack at sp + 1 slots: 0x0 is NULL
stack at sp + 2 slots: 0xfffffffffffffffe is an unknown value
stack at sp + 3 slots: 0x00000000000000b5 is an unknown value
stack at sp + 4 slots: 0x0000019db27b3c80 points into unknown readable memory: d0 61 00 b2 9d 01 00 00
stack at sp + 5 slots: 0x00007ff90a8247a4 awt.dll
stack at sp + 6 slots: 0x00007ff9bf800000 is an unknown value
stack at sp + 7 slots: {method} {0x0000019db1c64500} 'initNativeScale' '(I)V' in 'sun/awt/Win32GraphicsDevice'


---------------  P R O C E S S  ---------------

Threads class SMR info:
_java_thread_list=0x0000019db3776680, length=14, elements={
0x0000019db14fa000, 0x0000019db1504000, 0x0000019db1510800, 0x0000019db1511800,
0x0000019db1514800, 0x0000019db1e2b800, 0x0000019db1e2e800, 0x0000019db1fe2000,
0x0000019db2008000, 0x0000019db22d6800, 0x0000019db22d8800, 0x0000019db2436800,
0x0000019db2815000, 0x0000019d9061a800
}

Java Threads: ( => current thread )
  0x0000019db14fa000 JavaThread "Reference Handler" daemon [_thread_blocked, id=19716, stack(0x000000085cb00000,0x000000085cc00000)]
  0x0000019db1504000 JavaThread "Finalizer" daemon [_thread_blocked, id=15648, stack(0x000000085cc00000,0x000000085cd00000)]
  0x0000019db1510800 JavaThread "Signal Dispatcher" daemon [_thread_blocked, id=19252, stack(0x000000085cd00000,0x000000085ce00000)]
  0x0000019db1511800 JavaThread "Attach Listener" daemon [_thread_blocked, id=15888, stack(0x000000085ce00000,0x000000085cf00000)]
  0x0000019db1514800 JavaThread "C2 CompilerThread0" daemon [_thread_blocked, id=5980, stack(0x000000085cf00000,0x000000085d000000)]
  0x0000019db1e2b800 JavaThread "C1 CompilerThread0" daemon [_thread_blocked, id=16068, stack(0x000000085d000000,0x000000085d100000)]
  0x0000019db1e2e800 JavaThread "Sweeper thread" daemon [_thread_blocked, id=10340, stack(0x000000085d100000,0x000000085d200000)]
  0x0000019db1fe2000 JavaThread "Service Thread" daemon [_thread_blocked, id=8672, stack(0x000000085d200000,0x000000085d300000)]
  0x0000019db2008000 JavaThread "Common-Cleaner" daemon [_thread_blocked, id=10976, stack(0x000000085d400000,0x000000085d500000)]
  0x0000019db22d6800 JavaThread "Java2D Disposer" daemon [_thread_blocked, id=14652, stack(0x000000085d500000,0x000000085d600000)]
  0x0000019db22d8800 JavaThread "AWT-Shutdown" [_thread_blocked, id=17364, stack(0x000000085d600000,0x000000085d700000)]
  0x0000019db2436800 JavaThread "AWT-Windows" daemon [_thread_in_native, id=15768, stack(0x000000085d700000,0x000000085d800000)]
=>0x0000019db2815000 JavaThread "AWT-EventQueue-0" [_thread_in_native, id=15808, stack(0x000000085d900000,0x000000085da00000)]
  0x0000019d9061a800 JavaThread "DestroyJavaVM" [_thread_blocked, id=12676, stack(0x000000085c400000,0x000000085c500000)]

Other Threads:
  0x0000019db14d3800 VMThread "VM Thread" [stack: 0x000000085ca00000,0x000000085cb00000] [id=18768]
  0x0000019db200d000 WatcherThread [stack: 0x000000085d300000,0x000000085d400000] [id=6540]
  0x0000019d90631800 GCTaskThread "GC Thread#0" [stack: 0x000000085c500000,0x000000085c600000] [id=11000]
  0x0000019d90664000 ConcurrentGCThread "G1 Main Marker" [stack: 0x000000085c600000,0x000000085c700000] [id=14400]
  0x0000019d90666800 ConcurrentGCThread "G1 Conc#0" [stack: 0x000000085c700000,0x000000085c800000] [id=13828]
  0x0000019db1342800 ConcurrentGCThread "G1 Refine#0" [stack: 0x000000085c800000,0x000000085c900000] [id=6988]
  0x0000019d906ec000 ConcurrentGCThread "G1 Young RemSet Sampling" [stack: 0x000000085c900000,0x000000085ca00000] [id=1012]

Threads with active compile tasks:

VM state:not at safepoint (normal execution)

VM Mutex/Monitor currently owned by a thread: None

Heap address: 0x0000000081c00000, size: 2020 MB, Compressed Oops mode: 32-bit
Narrow klass base: 0x0000000000000000, Narrow klass shift: 3
Compressed class space size: 1073741824 Address: 0x0000000100000000

Heap:
 garbage-first heap   total 131072K, used 21504K [0x0000000081c00000, 0x0000000100000000)
  region size 1024K, 19 young (19456K), 0 survivors (0K)
 Metaspace       used 14249K, capacity 14607K, committed 14848K, reserved 1062912K
  class space    used 1523K, capacity 1708K, committed 1792K, reserved 1048576K
Heap Regions: E=young(eden), S=young(survivor), O=old, HS=humongous(starts), HC=humongous(continues), CS=collection set, F=free, A=archive, TAMS=top-at-mark-start (previous, next)
|   0|0x0000000081c00000, 0x0000000081d00000, 0x0000000081d00000|100%|HS|  |TAMS 0x0000000081c00000, 0x0000000081c00000| Complete 
|   1|0x0000000081d00000, 0x0000000081e00000, 0x0000000081e00000|100%|HC|  |TAMS 0x0000000081d00000, 0x0000000081d00000| Complete 
|   2|0x0000000081e00000, 0x0000000081f00000, 0x0000000081f00000|100%|HC|  |TAMS 0x0000000081e00000, 0x0000000081e00000| Complete 
|   3|0x0000000081f00000, 0x0000000081f00000, 0x0000000082000000|  0%| F|  |TAMS 0x0000000081f00000, 0x0000000081f00000| Untracked 
|   4|0x0000000082000000, 0x0000000082000000, 0x0000000082100000|  0%| F|  |TAMS 0x0000000082000000, 0x0000000082000000| Untracked 
|   5|0x0000000082100000, 0x0000000082100000, 0x0000000082200000|  0%| F|  |TAMS 0x0000000082100000, 0x0000000082100000| Untracked 
|   6|0x0000000082200000, 0x0000000082200000, 0x0000000082300000|  0%| F|  |TAMS 0x0000000082200000, 0x0000000082200000| Untracked 
|   7|0x0000000082300000, 0x0000000082300000, 0x0000000082400000|  0%| F|  |TAMS 0x0000000082300000, 0x0000000082300000| Untracked 
|   8|0x0000000082400000, 0x0000000082400000, 0x0000000082500000|  0%| F|  |TAMS 0x0000000082400000, 0x0000000082400000| Untracked 
|   9|0x0000000082500000, 0x0000000082500000, 0x0000000082600000|  0%| F|  |TAMS 0x0000000082500000, 0x0000000082500000| Untracked 
|  10|0x0000000082600000, 0x0000000082600000, 0x0000000082700000|  0%| F|  |TAMS 0x0000000082600000, 0x0000000082600000| Untracked 
|  11|0x0000000082700000, 0x0000000082700000, 0x0000000082800000|  0%| F|  |TAMS 0x0000000082700000, 0x0000000082700000| Untracked 
|  12|0x0000000082800000, 0x0000000082800000, 0x0000000082900000|  0%| F|  |TAMS 0x0000000082800000, 0x0000000082800000| Untracked 
|  13|0x0000000082900000, 0x0000000082900000, 0x0000000082a00000|  0%| F|  |TAMS 0x0000000082900000, 0x0000000082900000| Untracked 
|  14|0x0000000082a00000, 0x0000000082a00000, 0x0000000082b00000|  0%| F|  |TAMS 0x0000000082a00000, 0x0000000082a00000| Untracked 
|  15|0x0000000082b00000, 0x0000000082b00000, 0x0000000082c00000|  0%| F|  |TAMS 0x0000000082b00000, 0x0000000082b00000| Untracked 
|  16|0x0000000082c00000, 0x0000000082c00000, 0x0000000082d00000|  0%| F|  |TAMS 0x0000000082c00000, 0x0000000082c00000| Untracked 
|  17|0x0000000082d00000, 0x0000000082d00000, 0x0000000082e00000|  0%| F|  |TAMS 0x0000000082d00000, 0x0000000082d00000| Untracked 
|  18|0x0000000082e00000, 0x0000000082e00000, 0x0000000082f00000|  0%| F|  |TAMS 0x0000000082e00000, 0x0000000082e00000| Untracked 
|  19|0x0000000082f00000, 0x0000000082f00000, 0x0000000083000000|  0%| F|  |TAMS 0x0000000082f00000, 0x0000000082f00000| Untracked 
|  20|0x0000000083000000, 0x0000000083000000, 0x0000000083100000|  0%| F|  |TAMS 0x0000000083000000, 0x0000000083000000| Untracked 
|  21|0x0000000083100000, 0x0000000083100000, 0x0000000083200000|  0%| F|  |TAMS 0x0000000083100000, 0x0000000083100000| Untracked 
|  22|0x0000000083200000, 0x0000000083200000, 0x0000000083300000|  0%| F|  |TAMS 0x0000000083200000, 0x0000000083200000| Untracked 
|  23|0x0000000083300000, 0x0000000083300000, 0x0000000083400000|  0%| F|  |TAMS 0x0000000083300000, 0x0000000083300000| Untracked 
|  24|0x0000000083400000, 0x0000000083400000, 0x0000000083500000|  0%| F|  |TAMS 0x0000000083400000, 0x0000000083400000| Untracked 
|  25|0x0000000083500000, 0x0000000083500000, 0x0000000083600000|  0%| F|  |TAMS 0x0000000083500000, 0x0000000083500000| Untracked 
|  26|0x0000000083600000, 0x0000000083600000, 0x0000000083700000|  0%| F|  |TAMS 0x0000000083600000, 0x0000000083600000| Untracked 
|  27|0x0000000083700000, 0x0000000083700000, 0x0000000083800000|  0%| F|  |TAMS 0x0000000083700000, 0x0000000083700000| Untracked 
|  28|0x0000000083800000, 0x0000000083800000, 0x0000000083900000|  0%| F|  |TAMS 0x0000000083800000, 0x0000000083800000| Untracked 
|  29|0x0000000083900000, 0x0000000083900000, 0x0000000083a00000|  0%| F|  |TAMS 0x0000000083900000, 0x0000000083900000| Untracked 
|  30|0x0000000083a00000, 0x0000000083a00000, 0x0000000083b00000|  0%| F|  |TAMS 0x0000000083a00000, 0x0000000083a00000| Untracked 
|  31|0x0000000083b00000, 0x0000000083b00000, 0x0000000083c00000|  0%| F|  |TAMS 0x0000000083b00000, 0x0000000083b00000| Untracked 
|  32|0x0000000083c00000, 0x0000000083c00000, 0x0000000083d00000|  0%| F|  |TAMS 0x0000000083c00000, 0x0000000083c00000| Untracked 
|  33|0x0000000083d00000, 0x0000000083d00000, 0x0000000083e00000|  0%| F|  |TAMS 0x0000000083d00000, 0x0000000083d00000| Untracked 
|  34|0x0000000083e00000, 0x0000000083e00000, 0x0000000083f00000|  0%| F|  |TAMS 0x0000000083e00000, 0x0000000083e00000| Untracked 
|  35|0x0000000083f00000, 0x0000000083f00000, 0x0000000084000000|  0%| F|  |TAMS 0x0000000083f00000, 0x0000000083f00000| Untracked 
|  36|0x0000000084000000, 0x0000000084000000, 0x0000000084100000|  0%| F|  |TAMS 0x0000000084000000, 0x0000000084000000| Untracked 
|  37|0x0000000084100000, 0x0000000084100000, 0x0000000084200000|  0%| F|  |TAMS 0x0000000084100000, 0x0000000084100000| Untracked 
|  38|0x0000000084200000, 0x0000000084200000, 0x0000000084300000|  0%| F|  |TAMS 0x0000000084200000, 0x0000000084200000| Untracked 
|  39|0x0000000084300000, 0x0000000084300000, 0x0000000084400000|  0%| F|  |TAMS 0x0000000084300000, 0x0000000084300000| Untracked 
|  40|0x0000000084400000, 0x0000000084400000, 0x0000000084500000|  0%| F|  |TAMS 0x0000000084400000, 0x0000000084400000| Untracked 
|  41|0x0000000084500000, 0x0000000084500000, 0x0000000084600000|  0%| F|  |TAMS 0x0000000084500000, 0x0000000084500000| Untracked 
|  42|0x0000000084600000, 0x0000000084600000, 0x0000000084700000|  0%| F|  |TAMS 0x0000000084600000, 0x0000000084600000| Untracked 
|  43|0x0000000084700000, 0x0000000084700000, 0x0000000084800000|  0%| F|  |TAMS 0x0000000084700000, 0x0000000084700000| Untracked 
|  44|0x0000000084800000, 0x0000000084800000, 0x0000000084900000|  0%| F|  |TAMS 0x0000000084800000, 0x0000000084800000| Untracked 
|  45|0x0000000084900000, 0x0000000084900000, 0x0000000084a00000|  0%| F|  |TAMS 0x0000000084900000, 0x0000000084900000| Untracked 
|  46|0x0000000084a00000, 0x0000000084a00000, 0x0000000084b00000|  0%| F|  |TAMS 0x0000000084a00000, 0x0000000084a00000| Untracked 
|  47|0x0000000084b00000, 0x0000000084b00000, 0x0000000084c00000|  0%| F|  |TAMS 0x0000000084b00000, 0x0000000084b00000| Untracked 
|  48|0x0000000084c00000, 0x0000000084c00000, 0x0000000084d00000|  0%| F|  |TAMS 0x0000000084c00000, 0x0000000084c00000| Untracked 
|  49|0x0000000084d00000, 0x0000000084d00000, 0x0000000084e00000|  0%| F|  |TAMS 0x0000000084d00000, 0x0000000084d00000| Untracked 
|  50|0x0000000084e00000, 0x0000000084e00000, 0x0000000084f00000|  0%| F|  |TAMS 0x0000000084e00000, 0x0000000084e00000| Untracked 
|  51|0x0000000084f00000, 0x0000000084f00000, 0x0000000085000000|  0%| F|  |TAMS 0x0000000084f00000, 0x0000000084f00000| Untracked 
|  52|0x0000000085000000, 0x0000000085000000, 0x0000000085100000|  0%| F|  |TAMS 0x0000000085000000, 0x0000000085000000| Untracked 
|  53|0x0000000085100000, 0x0000000085100000, 0x0000000085200000|  0%| F|  |TAMS 0x0000000085100000, 0x0000000085100000| Untracked 
|  54|0x0000000085200000, 0x0000000085200000, 0x0000000085300000|  0%| F|  |TAMS 0x0000000085200000, 0x0000000085200000| Untracked 
|  55|0x0000000085300000, 0x0000000085300000, 0x0000000085400000|  0%| F|  |TAMS 0x0000000085300000, 0x0000000085300000| Untracked 
|  56|0x0000000085400000, 0x0000000085400000, 0x0000000085500000|  0%| F|  |TAMS 0x0000000085400000, 0x0000000085400000| Untracked 
|  57|0x0000000085500000, 0x0000000085500000, 0x0000000085600000|  0%| F|  |TAMS 0x0000000085500000, 0x0000000085500000| Untracked 
|  58|0x0000000085600000, 0x0000000085600000, 0x0000000085700000|  0%| F|  |TAMS 0x0000000085600000, 0x0000000085600000| Untracked 
|  59|0x0000000085700000, 0x0000000085700000, 0x0000000085800000|  0%| F|  |TAMS 0x0000000085700000, 0x0000000085700000| Untracked 
|  60|0x0000000085800000, 0x0000000085800000, 0x0000000085900000|  0%| F|  |TAMS 0x0000000085800000, 0x0000000085800000| Untracked 
|  61|0x0000000085900000, 0x0000000085900000, 0x0000000085a00000|  0%| F|  |TAMS 0x0000000085900000, 0x0000000085900000| Untracked 
|  62|0x0000000085a00000, 0x0000000085a00000, 0x0000000085b00000|  0%| F|  |TAMS 0x0000000085a00000, 0x0000000085a00000| Untracked 
|  63|0x0000000085b00000, 0x0000000085b00000, 0x0000000085c00000|  0%| F|  |TAMS 0x0000000085b00000, 0x0000000085b00000| Untracked 
|  64|0x0000000085c00000, 0x0000000085c00000, 0x0000000085d00000|  0%| F|  |TAMS 0x0000000085c00000, 0x0000000085c00000| Untracked 
|  65|0x0000000085d00000, 0x0000000085d00000, 0x0000000085e00000|  0%| F|  |TAMS 0x0000000085d00000, 0x0000000085d00000| Untracked 
|  66|0x0000000085e00000, 0x0000000085e00000, 0x0000000085f00000|  0%| F|  |TAMS 0x0000000085e00000, 0x0000000085e00000| Untracked 
|  67|0x0000000085f00000, 0x0000000085f00000, 0x0000000086000000|  0%| F|  |TAMS 0x0000000085f00000, 0x0000000085f00000| Untracked 
|  68|0x0000000086000000, 0x0000000086000000, 0x0000000086100000|  0%| F|  |TAMS 0x0000000086000000, 0x0000000086000000| Untracked 
|  69|0x0000000086100000, 0x0000000086100000, 0x0000000086200000|  0%| F|  |TAMS 0x0000000086100000, 0x0000000086100000| Untracked 
|  70|0x0000000086200000, 0x0000000086200000, 0x0000000086300000|  0%| F|  |TAMS 0x0000000086200000, 0x0000000086200000| Untracked 
|  71|0x0000000086300000, 0x0000000086300000, 0x0000000086400000|  0%| F|  |TAMS 0x0000000086300000, 0x0000000086300000| Untracked 
|  72|0x0000000086400000, 0x0000000086400000, 0x0000000086500000|  0%| F|  |TAMS 0x0000000086400000, 0x0000000086400000| Untracked 
|  73|0x0000000086500000, 0x0000000086500000, 0x0000000086600000|  0%| F|  |TAMS 0x0000000086500000, 0x0000000086500000| Untracked 
|  74|0x0000000086600000, 0x0000000086600000, 0x0000000086700000|  0%| F|  |TAMS 0x0000000086600000, 0x0000000086600000| Untracked 
|  75|0x0000000086700000, 0x0000000086700000, 0x0000000086800000|  0%| F|  |TAMS 0x0000000086700000, 0x0000000086700000| Untracked 
|  76|0x0000000086800000, 0x0000000086800000, 0x0000000086900000|  0%| F|  |TAMS 0x0000000086800000, 0x0000000086800000| Untracked 
|  77|0x0000000086900000, 0x0000000086900000, 0x0000000086a00000|  0%| F|  |TAMS 0x0000000086900000, 0x0000000086900000| Untracked 
|  78|0x0000000086a00000, 0x0000000086a00000, 0x0000000086b00000|  0%| F|  |TAMS 0x0000000086a00000, 0x0000000086a00000| Untracked 
|  79|0x0000000086b00000, 0x0000000086b00000, 0x0000000086c00000|  0%| F|  |TAMS 0x0000000086b00000, 0x0000000086b00000| Untracked 
|  80|0x0000000086c00000, 0x0000000086c00000, 0x0000000086d00000|  0%| F|  |TAMS 0x0000000086c00000, 0x0000000086c00000| Untracked 
|  81|0x0000000086d00000, 0x0000000086d00000, 0x0000000086e00000|  0%| F|  |TAMS 0x0000000086d00000, 0x0000000086d00000| Untracked 
|  82|0x0000000086e00000, 0x0000000086e00000, 0x0000000086f00000|  0%| F|  |TAMS 0x0000000086e00000, 0x0000000086e00000| Untracked 
|  83|0x0000000086f00000, 0x0000000086f00000, 0x0000000087000000|  0%| F|  |TAMS 0x0000000086f00000, 0x0000000086f00000| Untracked 
|  84|0x0000000087000000, 0x0000000087000000, 0x0000000087100000|  0%| F|  |TAMS 0x0000000087000000, 0x0000000087000000| Untracked 
|  85|0x0000000087100000, 0x0000000087100000, 0x0000000087200000|  0%| F|  |TAMS 0x0000000087100000, 0x0000000087100000| Untracked 
|  86|0x0000000087200000, 0x0000000087200000, 0x0000000087300000|  0%| F|  |TAMS 0x0000000087200000, 0x0000000087200000| Untracked 
|  87|0x0000000087300000, 0x0000000087300000, 0x0000000087400000|  0%| F|  |TAMS 0x0000000087300000, 0x0000000087300000| Untracked 
|  88|0x0000000087400000, 0x0000000087400000, 0x0000000087500000|  0%| F|  |TAMS 0x0000000087400000, 0x0000000087400000| Untracked 
|  89|0x0000000087500000, 0x0000000087500000, 0x0000000087600000|  0%| F|  |TAMS 0x0000000087500000, 0x0000000087500000| Untracked 
|  90|0x0000000087600000, 0x0000000087600000, 0x0000000087700000|  0%| F|  |TAMS 0x0000000087600000, 0x0000000087600000| Untracked 
|  91|0x0000000087700000, 0x0000000087700000, 0x0000000087800000|  0%| F|  |TAMS 0x0000000087700000, 0x0000000087700000| Untracked 
|  92|0x0000000087800000, 0x0000000087800000, 0x0000000087900000|  0%| F|  |TAMS 0x0000000087800000, 0x0000000087800000| Untracked 
|  93|0x0000000087900000, 0x0000000087900000, 0x0000000087a00000|  0%| F|  |TAMS 0x0000000087900000, 0x0000000087900000| Untracked 
|  94|0x0000000087a00000, 0x0000000087a00000, 0x0000000087b00000|  0%| F|  |TAMS 0x0000000087a00000, 0x0000000087a00000| Untracked 
|  95|0x0000000087b00000, 0x0000000087b00000, 0x0000000087c00000|  0%| F|  |TAMS 0x0000000087b00000, 0x0000000087b00000| Untracked 
|  96|0x0000000087c00000, 0x0000000087c00000, 0x0000000087d00000|  0%| F|  |TAMS 0x0000000087c00000, 0x0000000087c00000| Untracked 
|  97|0x0000000087d00000, 0x0000000087d00000, 0x0000000087e00000|  0%| F|  |TAMS 0x0000000087d00000, 0x0000000087d00000| Untracked 
|  98|0x0000000087e00000, 0x0000000087e00000, 0x0000000087f00000|  0%| F|  |TAMS 0x0000000087e00000, 0x0000000087e00000| Untracked 
|  99|0x0000000087f00000, 0x0000000087f00000, 0x0000000088000000|  0%| F|  |TAMS 0x0000000087f00000, 0x0000000087f00000| Untracked 
| 100|0x0000000088000000, 0x0000000088000000, 0x0000000088100000|  0%| F|  |TAMS 0x0000000088000000, 0x0000000088000000| Untracked 
| 101|0x0000000088100000, 0x0000000088100000, 0x0000000088200000|  0%| F|  |TAMS 0x0000000088100000, 0x0000000088100000| Untracked 
| 102|0x0000000088200000, 0x0000000088200000, 0x0000000088300000|  0%| F|  |TAMS 0x0000000088200000, 0x0000000088200000| Untracked 
| 103|0x0000000088300000, 0x0000000088300000, 0x0000000088400000|  0%| F|  |TAMS 0x0000000088300000, 0x0000000088300000| Untracked 
| 104|0x0000000088400000, 0x0000000088400000, 0x0000000088500000|  0%| F|  |TAMS 0x0000000088400000, 0x0000000088400000| Untracked 
| 105|0x0000000088500000, 0x0000000088500000, 0x0000000088600000|  0%| F|  |TAMS 0x0000000088500000, 0x0000000088500000| Untracked 
| 106|0x0000000088600000, 0x0000000088600000, 0x0000000088700000|  0%| F|  |TAMS 0x0000000088600000, 0x0000000088600000| Untracked 
| 107|0x0000000088700000, 0x0000000088700000, 0x0000000088800000|  0%| F|  |TAMS 0x0000000088700000, 0x0000000088700000| Untracked 
| 108|0x0000000088800000, 0x0000000088800000, 0x0000000088900000|  0%| F|  |TAMS 0x0000000088800000, 0x0000000088800000| Untracked 
| 109|0x0000000088900000, 0x000000008897ca50, 0x0000000088a00000| 48%| E|  |TAMS 0x0000000088900000, 0x0000000088900000| Complete 
| 110|0x0000000088a00000, 0x0000000088b00000, 0x0000000088b00000|100%| E|CS|TAMS 0x0000000088a00000, 0x0000000088a00000| Complete 
| 111|0x0000000088b00000, 0x0000000088c00000, 0x0000000088c00000|100%| E|CS|TAMS 0x0000000088b00000, 0x0000000088b00000| Complete 
| 112|0x0000000088c00000, 0x0000000088d00000, 0x0000000088d00000|100%| E|CS|TAMS 0x0000000088c00000, 0x0000000088c00000| Complete 
| 113|0x0000000088d00000, 0x0000000088e00000, 0x0000000088e00000|100%| E|CS|TAMS 0x0000000088d00000, 0x0000000088d00000| Complete 
| 114|0x0000000088e00000, 0x0000000088f00000, 0x0000000088f00000|100%| E|CS|TAMS 0x0000000088e00000, 0x0000000088e00000| Complete 
| 115|0x0000000088f00000, 0x0000000089000000, 0x0000000089000000|100%| E|CS|TAMS 0x0000000088f00000, 0x0000000088f00000| Complete 
| 116|0x0000000089000000, 0x0000000089100000, 0x0000000089100000|100%| E|CS|TAMS 0x0000000089000000, 0x0000000089000000| Complete 
| 117|0x0000000089100000, 0x0000000089200000, 0x0000000089200000|100%| E|CS|TAMS 0x0000000089100000, 0x0000000089100000| Complete 
| 118|0x0000000089200000, 0x0000000089300000, 0x0000000089300000|100%| E|CS|TAMS 0x0000000089200000, 0x0000000089200000| Complete 
| 119|0x0000000089300000, 0x0000000089400000, 0x0000000089400000|100%| E|CS|TAMS 0x0000000089300000, 0x0000000089300000| Complete 
| 120|0x0000000089400000, 0x0000000089500000, 0x0000000089500000|100%| E|CS|TAMS 0x0000000089400000, 0x0000000089400000| Complete 
| 121|0x0000000089500000, 0x0000000089600000, 0x0000000089600000|100%| E|CS|TAMS 0x0000000089500000, 0x0000000089500000| Complete 
| 122|0x0000000089600000, 0x0000000089700000, 0x0000000089700000|100%| E|CS|TAMS 0x0000000089600000, 0x0000000089600000| Complete 
| 123|0x0000000089700000, 0x0000000089800000, 0x0000000089800000|100%| E|CS|TAMS 0x0000000089700000, 0x0000000089700000| Complete 
| 124|0x0000000089800000, 0x0000000089900000, 0x0000000089900000|100%| E|CS|TAMS 0x0000000089800000, 0x0000000089800000| Complete 
| 125|0x0000000089900000, 0x0000000089a00000, 0x0000000089a00000|100%| E|CS|TAMS 0x0000000089900000, 0x0000000089900000| Complete 
| 126|0x0000000089a00000, 0x0000000089b00000, 0x0000000089b00000|100%| E|CS|TAMS 0x0000000089a00000, 0x0000000089a00000| Complete 
| 127|0x0000000089b00000, 0x0000000089c00000, 0x0000000089c00000|100%| E|CS|TAMS 0x0000000089b00000, 0x0000000089b00000| Complete 

Card table byte_map: [0x0000019daa2d0000,0x0000019daa6d0000] _byte_map_base: 0x0000019da9ec2000

Marking Bits (Prev, Next): (CMBitMap*) 0x0000019d90659788, (CMBitMap*) 0x0000019d906597c0
 Prev Bits: [0x0000019daaad0000, 0x0000019daca60000)
 Next Bits: [0x0000019daca60000, 0x0000019dae9f0000)

Polling page: 0x0000019d906f0000

Metaspace:

Usage:
  Non-class:     12.60 MB capacity,    12.43 MB ( 99%) used,   131.62 KB (  1%) free+waste,    41.19 KB ( <1%) overhead. 
      Class:      1.67 MB capacity,     1.49 MB ( 89%) used,   162.46 KB ( 10%) free+waste,    22.44 KB (  1%) overhead. 
       Both:     14.26 MB capacity,    13.92 MB ( 98%) used,   294.08 KB (  2%) free+waste,    63.63 KB ( <1%) overhead. 

Virtual space:
  Non-class space:       14.00 MB reserved,      12.75 MB ( 91%) committed 
      Class space:        1.00 GB reserved,       1.75 MB ( <1%) committed 
             Both:        1.01 GB reserved,      14.50 MB (  1%) committed 

Chunk freelists:
   Non-Class:  29.00 KB
       Class:  20.00 KB
        Both:  49.00 KB

MaxMetaspaceSize: 17179869184.00 GB
CompressedClassSpaceSize: 1.00 GB

CodeHeap 'non-profiled nmethods': size=120000Kb used=449Kb max_used=449Kb free=119550Kb
 bounds [0x0000019da1f40000, 0x0000019da21b0000, 0x0000019da9470000]
CodeHeap 'profiled nmethods': size=120000Kb used=2168Kb max_used=2168Kb free=117831Kb
 bounds [0x0000019d9aa10000, 0x0000019d9ac80000, 0x0000019da1f40000]
CodeHeap 'non-nmethods': size=5760Kb used=1194Kb max_used=1227Kb free=4565Kb
 bounds [0x0000019d9a470000, 0x0000019d9a6e0000, 0x0000019d9aa10000]
 total_blobs=2320 nmethods=1225 adapters=468
 compilation: enabled
              stopped_count=0, restarted_count=0
 full_count=0

Compilation events (20 events):
Event: 2.566 Thread 0x0000019db1e2b800 1214       3       java.awt.EventQueue::dispatchEvent (80 bytes)
Event: 2.569 Thread 0x0000019db1e2b800 nmethod 1214 0x0000019d9ac27f10 code [0x0000019d9ac28220, 0x0000019d9ac292a0]
Event: 2.569 Thread 0x0000019db1e2b800 1215       3       java.awt.EventQueue$4::<init> (20 bytes)
Event: 2.570 Thread 0x0000019db1e2b800 nmethod 1215 0x0000019d9ac29890 code [0x0000019d9ac29a60, 0x0000019d9ac29d38]
Event: 2.571 Thread 0x0000019db1e2b800 1217   !   3       java.awt.EventQueue::getNextEvent (84 bytes)
Event: 2.573 Thread 0x0000019db1e2b800 nmethod 1217 0x0000019d9ac29e10 code [0x0000019d9ac2a080, 0x0000019d9ac2a950]
Event: 2.573 Thread 0x0000019db1e2b800 1216   !   3       java.awt.EventDispatchThread::pumpOneEventForFilters (113 bytes)
Event: 2.575 Thread 0x0000019db1e2b800 nmethod 1216 0x0000019d9ac2ad10 code [0x0000019d9ac2afa0, 0x0000019d9ac2ba90]
Event: 2.575 Thread 0x0000019db1e2b800 1219       3       sun.awt.AWTAutoShutdown::notifyToolkitThreadBusy (8 bytes)
Event: 2.575 Thread 0x0000019db1e2b800 nmethod 1219 0x0000019d9ac2c110 code [0x0000019d9ac2c2e0, 0x0000019d9ac2c4b0]
Event: 2.575 Thread 0x0000019db1e2b800 1218       3       sun.awt.windows.WGlobalCursorManager::getCursorManager (20 bytes)
Event: 2.576 Thread 0x0000019db1e2b800 nmethod 1218 0x0000019d9ac2c590 code [0x0000019d9ac2c7a0, 0x0000019d9ac2cdf8]
Event: 2.576 Thread 0x0000019db1e2b800 1220       3       java.security.AccessControlContext::<init> (63 bytes)
Event: 2.577 Thread 0x0000019db1e2b800 nmethod 1220 0x0000019d9ac2cf90 code [0x0000019d9ac2d180, 0x0000019d9ac2d630]
Event: 2.577 Thread 0x0000019db1e2b800 1221       3       java.security.AccessControlContext::<init> (30 bytes)
Event: 2.578 Thread 0x0000019db1e2b800 nmethod 1221 0x0000019d9ac2d790 code [0x0000019d9ac2d960, 0x0000019d9ac2dc18]
Event: 2.596 Thread 0x0000019db1e2b800 1222       3       java.awt.Container$MouseEventTargetFilter::accept (66 bytes)
Event: 2.596 Thread 0x0000019db1e2b800 nmethod 1222 0x0000019d9ac2dd10 code [0x0000019d9ac2dec0, 0x0000019d9ac2e1f8]
Event: 3.792 Thread 0x0000019db1514800 1225       4       java.awt.Component::getTreeLock (4 bytes)
Event: 3.792 Thread 0x0000019db1514800 nmethod 1225 0x0000019da1fb0210 code [0x0000019da1fb03a0, 0x0000019da1fb0418]

GC Heap History (0 events):
No events

Deoptimization events (20 events):
Event: 1.204 Thread 0x0000019db2815000 Uncommon trap: trap_request=0xffffffde fr.pc=0x0000019da1f8c924 relative=0x0000000000000ce4
Event: 1.204 Thread 0x0000019db2815000 Uncommon trap: reason=class_check action=maybe_recompile pc=0x0000019da1f8c924 method=java.util.HashMap.putVal(ILjava/lang/Object;Ljava/lang/Object;ZZ)Ljava/lang/Object; @ 203 c2
Event: 1.204 Thread 0x0000019db2815000 DEOPT PACKING pc=0x0000019da1f8c924 sp=0x000000085d9f9ca0
Event: 1.204 Thread 0x0000019db2815000 DEOPT UNPACKING pc=0x0000019d9a498f2f sp=0x000000085d9f9c40 mode 2
Event: 1.206 Thread 0x0000019db2815000 Uncommon trap: trap_request=0xffffff4d fr.pc=0x0000019da1f52f1c relative=0x00000000000001fc
Event: 1.206 Thread 0x0000019db2815000 Uncommon trap: reason=unstable_if action=reinterpret pc=0x0000019da1f52f1c method=java.lang.String.hashCode()I @ 22 c2
Event: 1.206 Thread 0x0000019db2815000 DEOPT PACKING pc=0x0000019da1f52f1c sp=0x000000085d9f9d10
Event: 1.206 Thread 0x0000019db2815000 DEOPT UNPACKING pc=0x0000019d9a498f2f sp=0x000000085d9f9c98 mode 2
Event: 1.217 Thread 0x0000019db2815000 Uncommon trap: trap_request=0xffffff4d fr.pc=0x0000019da1f55a50 relative=0x00000000000001b0
Event: 1.217 Thread 0x0000019db2815000 Uncommon trap: reason=unstable_if action=reinterpret pc=0x0000019da1f55a50 method=java.lang.String.equals(Ljava/lang/Object;)Z @ 34 c2
Event: 1.217 Thread 0x0000019db2815000 DEOPT PACKING pc=0x0000019da1f55a50 sp=0x000000085d9f9c20
Event: 1.217 Thread 0x0000019db2815000 DEOPT UNPACKING pc=0x0000019d9a498f2f sp=0x000000085d9f9bc8 mode 2
Event: 1.217 Thread 0x0000019db2815000 Uncommon trap: trap_request=0xffffff4d fr.pc=0x0000019da1f883e4 relative=0x0000000000000044
Event: 1.217 Thread 0x0000019db2815000 Uncommon trap: reason=unstable_if action=reinterpret pc=0x0000019da1f883e4 method=java.lang.CharacterData.of(I)Ljava/lang/CharacterData; @ 4 c2
Event: 1.217 Thread 0x0000019db2815000 DEOPT PACKING pc=0x0000019da1f883e4 sp=0x000000085d9f9cd0
Event: 1.217 Thread 0x0000019db2815000 DEOPT UNPACKING pc=0x0000019d9a498f2f sp=0x000000085d9f9c68 mode 2
Event: 1.357 Thread 0x0000019db2815000 Uncommon trap: trap_request=0xffffff4d fr.pc=0x0000019da1f9c5a8 relative=0x0000000000000448
Event: 1.357 Thread 0x0000019db2815000 Uncommon trap: reason=unstable_if action=reinterpret pc=0x0000019da1f9c5a8 method=java.lang.Character.isSurrogate(C)Z @ 3 c2
Event: 1.357 Thread 0x0000019db2815000 DEOPT PACKING pc=0x0000019da1f9c5a8 sp=0x000000085d9f98d0
Event: 1.357 Thread 0x0000019db2815000 DEOPT UNPACKING pc=0x0000019d9a498f2f sp=0x000000085d9f97e8 mode 2

Classes redefined (0 events):
No events

Internal exceptions (20 events):
Event: 0.315 Thread 0x0000019d9061a800 Exception <a 'java/lang/NoSuchMethodError'{0x00000000899352b0}: 'java.lang.Object java.lang.invoke.DirectMethodHandle$Holder.invokeStatic(java.lang.Object, java.lang.Object, java.lang.Object, java.lang.Object, java.lang.Object, java.lang.Object, java.lang
Event: 0.319 Thread 0x0000019d9061a800 Exception <a 'java/lang/NoSuchMethodError'{0x0000000089943560}: 'java.lang.Object java.lang.invoke.DirectMethodHandle$Holder.invokeStatic(java.lang.Object, java.lang.Object, java.lang.Object, java.lang.Object, java.lang.Object, java.lang.Object, java.lang
Event: 0.321 Thread 0x0000019d9061a800 Exception <a 'java/lang/NoSuchMethodError'{0x00000000899511d0}: 'java.lang.Object java.lang.invoke.DirectMethodHandle$Holder.invokeSpecial(java.lang.Object, java.lang.Object, int, int, java.lang.Object, java.lang.Object, java.lang.Object)'> (0x00000000899
Event: 0.322 Thread 0x0000019d9061a800 Exception <a 'java/lang/NoSuchMethodError'{0x0000000089954760}: 'java.lang.Object java.lang.invoke.DelegatingMethodHandle$Holder.reinvoke_L(java.lang.Object, int, int, java.lang.Object, java.lang.Object, java.lang.Object)'> (0x0000000089954760) thrown at 
Event: 0.323 Thread 0x0000019d9061a800 Exception <a 'java/lang/NoSuchMethodError'{0x0000000089958840}: 'java.lang.Object java.lang.invoke.DirectMethodHandle$Holder.invokeStatic(java.lang.Object, java.lang.Object, java.lang.Object, java.lang.Object, int)'> (0x0000000089958840) thrown at [c:/cyg
Event: 0.341 Thread 0x0000019d9061a800 Exception <a 'java/io/FileNotFoundException'{0x00000000899bb390}> (0x00000000899bb390) thrown at [c:/cygwin64/tmp/openjdk-jdk11u-windows-x64-hotspot/workspace/build/src/src/hotspot/share/prims/jni.cpp, line 615]
Event: 0.451 Thread 0x0000019db2436800 Exception <a 'java/lang/NoSuchMethodError'{0x0000000089880798}: 'void java.lang.invoke.DirectMethodHandle$Holder.invokeSpecial(java.lang.Object, java.lang.Object)'> (0x0000000089880798) thrown at [c:/cygwin64/tmp/openjdk-jdk11u-windows-x64-hotspot/workspa
Event: 0.463 Thread 0x0000019d9061a800 Exception <a 'java/lang/NoSuchMethodError'{0x0000000089854be0}: 'java.lang.Object java.lang.invoke.DirectMethodHandle$Holder.invokeStatic(java.lang.Object, java.lang.Object, java.lang.Object, java.lang.Object, java.lang.Object, java.lang.Object, java.lang
Event: 0.470 Thread 0x0000019d9061a800 Exception <a 'java/lang/NoSuchMethodError'{0x000000008986ecc0}: 'java.lang.Object java.lang.invoke.DirectMethodHandle$Holder.invokeStatic(java.lang.Object, java.lang.Object, java.lang.Object, java.lang.Object, java.lang.Object, java.lang.Object, java.lang
Event: 0.634 Thread 0x0000019d9061a800 Exception <a 'java/lang/NoSuchMethodError'{0x000000008962b118}: 'java.lang.Object java.lang.invoke.DirectMethodHandle$Holder.invokeStatic(java.lang.Object, int, java.lang.Object, java.lang.Object, java.lang.Object, java.lang.Object)'> (0x000000008962b118)
Event: 0.635 Thread 0x0000019d9061a800 Exception <a 'java/lang/NoSuchMethodError'{0x00000000896321d8}: 'java.lang.Object java.lang.invoke.DirectMethodHandle$Holder.invokeStatic(java.lang.Object, int, java.lang.Object, java.lang.Object, java.lang.Object)'> (0x00000000896321d8) thrown at [c:/cyg
Event: 0.636 Thread 0x0000019d9061a800 Exception <a 'java/lang/NoSuchMethodError'{0x0000000089635d20}: 'java.lang.Object java.lang.invoke.DirectMethodHandle$Holder.invokeSpecial(java.lang.Object, java.lang.Object, int, java.lang.Object, java.lang.Object, java.lang.Object)'> (0x0000000089635d20
Event: 0.700 Thread 0x0000019d9061a800 Exception <a 'java/lang/ClassNotFoundException'{0x00000000896f4d40}: com/sun/swing/internal/plaf/metal/resources/spi/metalProvider> (0x00000000896f4d40) thrown at [c:/cygwin64/tmp/openjdk-jdk11u-windows-x64-hotspot/workspace/build/src/src/hotspot/share/cl
Event: 0.702 Thread 0x0000019d9061a800 Exception <a 'java/lang/ClassNotFoundException'{0x00000000896f9308}: com/sun/swing/internal/plaf/basic/resources/spi/basicProvider> (0x00000000896f9308) thrown at [c:/cygwin64/tmp/openjdk-jdk11u-windows-x64-hotspot/workspace/build/src/src/hotspot/share/cl
Event: 0.742 Thread 0x0000019d9061a800 Exception <a 'java/lang/NoSuchMethodError'{0x000000008955a498}: 'void java.lang.invoke.DirectMethodHandle$Holder.invokeStaticInit(java.lang.Object)'> (0x000000008955a498) thrown at [c:/cygwin64/tmp/openjdk-jdk11u-windows-x64-hotspot/workspace/build/src/sr
Event: 0.783 Thread 0x0000019d9061a800 Exception <a 'java/lang/NoSuchMethodError'{0x000000008931ade8}: 'java.lang.Object java.lang.invoke.DirectMethodHandle$Holder.invokeStatic(java.lang.Object, java.lang.Object, java.lang.Object, java.lang.Object, java.lang.Object, java.lang.Object, java.lang
Event: 0.785 Thread 0x0000019d9061a800 Exception <a 'java/lang/NoSuchMethodError'{0x0000000089338ff0}: 'java.lang.Object java.lang.invoke.DirectMethodHandle$Holder.invokeStatic(java.lang.Object, java.lang.Object, java.lang.Object, java.lang.Object, java.lang.Object, java.lang.Object, java.lang
Event: 0.786 Thread 0x0000019d9061a800 Exception <a 'java/lang/NoSuchMethodError'{0x0000000089357f88}: 'java.lang.Object java.lang.invoke.DirectMethodHandle$Holder.invokeStatic(java.lang.Object, java.lang.Object, java.lang.Object, java.lang.Object, java.lang.Object, java.lang.Object, java.lang
Event: 0.787 Thread 0x0000019d9061a800 Exception <a 'java/lang/NoSuchMethodError'{0x0000000089363f38}: 'java.lang.Object java.lang.invoke.Invokers$Holder.linkToTargetMethod(java.lang.Object, int, java.lang.Object)'> (0x0000000089363f38) thrown at [c:/cygwin64/tmp/openjdk-jdk11u-windows-x64-hot
Event: 0.865 Thread 0x0000019db2815000 Exception <a 'java/lang/NoSuchMethodError'{0x00000000895d44e0}: 'java.lang.Object java.lang.invoke.DirectMethodHandle$Holder.invokeStatic(java.lang.Object, java.lang.Object, java.lang.Object, java.lang.Object, java.lang.Object, java.lang.Object, java.lang

Events (20 events):
Event: 1.218 loading class java/lang/CharacterData00 done
Event: 1.218 Executing VM operation: Deoptimize
Event: 1.219 Executing VM operation: Deoptimize done
Event: 1.387 Executing VM operation: RevokeBias
Event: 1.387 Executing VM operation: RevokeBias done
Event: 1.388 Executing VM operation: RevokeBias
Event: 1.388 Executing VM operation: RevokeBias done
Event: 2.010 Thread 0x0000019db2591800 Thread exited: 0x0000019db2591800
Event: 2.036 loading class java/awt/event/ContainerEvent
Event: 2.036 loading class java/awt/event/ContainerEvent done
Event: 2.627 loading class java/awt/LightweightDispatcher$2
Event: 2.628 loading class java/awt/LightweightDispatcher$2 done
Event: 3.772 Executing VM operation: RevokeBias
Event: 3.772 Executing VM operation: RevokeBias done
Event: 3.772 loading class java/awt/KeyboardFocusManager$2
Event: 3.772 loading class java/awt/KeyboardFocusManager$2 done
Event: 3.773 loading class sun/awt/SunToolkit$1
Event: 3.773 loading class sun/awt/SunToolkit$1 done
Event: 1790.152 Executing VM operation: BulkRevokeBias
Event: 1790.155 Executing VM operation: BulkRevokeBias done


Dynamic libraries:
0x00007ff6c79d0000 - 0x00007ff6c79dd000 	C:\Program Files\AdoptOpenJDK\jdk-11.0.6.10-hotspot\bin\javaw.exe
0x00007ff952100000 - 0x00007ff9522f0000 	C:\Windows\SYSTEM32\ntdll.dll
0x00007ff951f60000 - 0x00007ff952012000 	C:\Windows\System32\KERNEL32.DLL
0x00007ff94f480000 - 0x00007ff94f723000 	C:\Windows\System32\KERNELBASE.dll
0x00007ff94f900000 - 0x00007ff94f9fa000 	C:\Windows\System32\ucrtbase.dll
0x00007ff93daf0000 - 0x00007ff93db07000 	C:\Program Files\AdoptOpenJDK\jdk-11.0.6.10-hotspot\bin\jli.dll
0x00007ff93dad0000 - 0x00007ff93dae6000 	C:\Program Files\AdoptOpenJDK\jdk-11.0.6.10-hotspot\bin\VCRUNTIME140.dll
0x00007ff951bd0000 - 0x00007ff951d64000 	C:\Windows\System32\USER32.dll
0x00007ff93f150000 - 0x00007ff93f3d5000 	C:\Windows\WinSxS\amd64_microsoft.windows.common-controls_6595b64144ccf1df_6.0.18362.657_none_e6c5b579130e3898\COMCTL32.dll
0x00007ff950180000 - 0x00007ff9501a1000 	C:\Windows\System32\win32u.dll
0x00007ff952020000 - 0x00007ff9520be000 	C:\Windows\System32\msvcrt.dll
0x00007ff9501b0000 - 0x00007ff9501d6000 	C:\Windows\System32\GDI32.dll
0x00007ff9501e0000 - 0x00007ff950516000 	C:\Windows\System32\combase.dll
0x00007ff94f130000 - 0x00007ff94f2c4000 	C:\Windows\System32\gdi32full.dll
0x00007ff950e70000 - 0x00007ff950f90000 	C:\Windows\System32\RPCRT4.dll
0x00007ff94f090000 - 0x00007ff94f12e000 	C:\Windows\System32\msvcp_win.dll
0x00007ff94f730000 - 0x00007ff94f7b0000 	C:\Windows\System32\bcryptPrimitives.dll
0x00007ff950c10000 - 0x00007ff950c3e000 	C:\Windows\System32\IMM32.DLL
0x00007ff91e2f0000 - 0x00007ff91e38b000 	C:\Program Files\AdoptOpenJDK\jdk-11.0.6.10-hotspot\bin\msvcp140.dll
0x00007ff8fddf0000 - 0x00007ff8fe8ac000 	C:\Program Files\AdoptOpenJDK\jdk-11.0.6.10-hotspot\bin\server\jvm.dll
0x00007ff951eb0000 - 0x00007ff951f53000 	C:\Windows\System32\ADVAPI32.dll
0x00007ff9511d0000 - 0x00007ff951267000 	C:\Windows\System32\sechost.dll
0x00007ff9510c0000 - 0x00007ff9510c8000 	C:\Windows\System32\PSAPI.DLL
0x00007ff93e460000 - 0x00007ff93e469000 	C:\Windows\SYSTEM32\WSOCK32.dll
0x00007ff9494e0000 - 0x00007ff9494ea000 	C:\Windows\SYSTEM32\VERSION.dll
0x00007ff94b480000 - 0x00007ff94b4a4000 	C:\Windows\SYSTEM32\WINMM.dll
0x00007ff9513e0000 - 0x00007ff95144f000 	C:\Windows\System32\WS2_32.dll
0x00007ff94b450000 - 0x00007ff94b47d000 	C:\Windows\SYSTEM32\winmmbase.dll
0x00007ff94f410000 - 0x00007ff94f45a000 	C:\Windows\System32\cfgmgr32.dll
0x00007ff94f050000 - 0x00007ff94f061000 	C:\Windows\System32\kernel.appcore.dll
0x00007ff94b310000 - 0x00007ff94b320000 	C:\Program Files\AdoptOpenJDK\jdk-11.0.6.10-hotspot\bin\verify.dll
0x00007ff94d8e0000 - 0x00007ff94dad4000 	C:\Windows\SYSTEM32\DBGHELP.DLL
0x00007ff93c020000 - 0x00007ff93c04a000 	C:\Windows\SYSTEM32\dbgcore.DLL
0x00007ff947450000 - 0x00007ff947478000 	C:\Program Files\AdoptOpenJDK\jdk-11.0.6.10-hotspot\bin\java.dll
0x00007ff947430000 - 0x00007ff947447000 	C:\Program Files\AdoptOpenJDK\jdk-11.0.6.10-hotspot\bin\zip.dll
0x00007ff94b300000 - 0x00007ff94b30a000 	C:\Program Files\AdoptOpenJDK\jdk-11.0.6.10-hotspot\bin\jimage.dll
0x00007ff950520000 - 0x00007ff950c05000 	C:\Windows\System32\SHELL32.dll
0x00007ff951970000 - 0x00007ff951a19000 	C:\Windows\System32\shcore.dll
0x00007ff94fa00000 - 0x00007ff95017f000 	C:\Windows\System32\windows.storage.dll
0x00007ff94f070000 - 0x00007ff94f08f000 	C:\Windows\System32\profapi.dll
0x00007ff94f000000 - 0x00007ff94f04a000 	C:\Windows\System32\powrprof.dll
0x00007ff94efd0000 - 0x00007ff94efe0000 	C:\Windows\System32\UMPDC.dll
0x00007ff951060000 - 0x00007ff9510b2000 	C:\Windows\System32\shlwapi.dll
0x00007ff94f460000 - 0x00007ff94f477000 	C:\Windows\System32\cryptsp.dll
0x00007ff90a750000 - 0x00007ff90a8e9000 	C:\Program Files\AdoptOpenJDK\jdk-11.0.6.10-hotspot\bin\awt.dll
0x00007ff950f90000 - 0x00007ff951054000 	C:\Windows\System32\OLEAUT32.dll
0x00007ff94ccf0000 - 0x00007ff94cd7f000 	C:\Windows\SYSTEM32\apphelp.dll
0x00007ff94cfa0000 - 0x00007ff94d039000 	C:\Windows\system32\uxtheme.dll
0x00007ff951d70000 - 0x00007ff951ea5000 	C:\Windows\System32\MSCTF.dll
0x00007ff950d10000 - 0x00007ff950e66000 	C:\Windows\System32\ole32.dll
0x00007ff94d4d0000 - 0x00007ff94d4fd000 	C:\Windows\system32\DWMAPI.DLL
0x00007ff911d70000 - 0x00007ff911ec6000 	C:\Windows\system32\opengl32.dll
0x00007ff92b3f0000 - 0x00007ff92b41c000 	C:\Windows\SYSTEM32\GLU32.dll
0x00007ff94dcb0000 - 0x00007ff94dcd0000 	C:\Windows\SYSTEM32\dxcore.dll
0x00007ff9181f0000 - 0x00007ff918272000 	C:\Program Files\AdoptOpenJDK\jdk-11.0.6.10-hotspot\bin\freetype.dll
0x00007ff912d30000 - 0x00007ff912dd6000 	C:\Program Files\AdoptOpenJDK\jdk-11.0.6.10-hotspot\bin\fontmanager.dll
0x00007ff932660000 - 0x00007ff9326fe000 	C:\Windows\System32\TextInputFramework.dll
0x00007ff9476d0000 - 0x00007ff9479fa000 	C:\Windows\System32\CoreUIComponents.dll
0x00007ff94c9f0000 - 0x00007ff94cac4000 	C:\Windows\System32\CoreMessaging.dll
0x00007ff94e030000 - 0x00007ff94e061000 	C:\Windows\SYSTEM32\ntmarta.dll
0x00007ff94a290000 - 0x00007ff94a3e3000 	C:\Windows\SYSTEM32\wintypes.dll
0x00007ff947180000 - 0x00007ff947199000 	C:\Program Files\AdoptOpenJDK\jdk-11.0.6.10-hotspot\bin\net.dll
0x00007ff9451e0000 - 0x00007ff9452d0000 	C:\Windows\SYSTEM32\WINHTTP.dll
0x00007ff94e7e0000 - 0x00007ff94e847000 	C:\Windows\system32\mswsock.dll
0x00007ff93f640000 - 0x00007ff93f652000 	C:\Program Files\AdoptOpenJDK\jdk-11.0.6.10-hotspot\bin\nio.dll
0x00007ff93ce10000 - 0x00007ff93d0b6000 	C:\Windows\System32\iertutil.dll
0x00007ff9518c0000 - 0x00007ff951962000 	C:\Windows\System32\clbcatq.dll
0x00007ff9462c0000 - 0x00007ff94646f000 	C:\Windows\SYSTEM32\WindowsCodecs.dll
0x00007ff926e00000 - 0x00007ff926e3a000 	C:\Windows\system32\dataexchange.dll
0x00007ff94bd90000 - 0x00007ff94bfeb000 	C:\Windows\system32\d3d11.dll
0x00007ff94c450000 - 0x00007ff94c62b000 	C:\Windows\system32\dcomp.dll
0x00007ff94dda0000 - 0x00007ff94de8b000 	C:\Windows\system32\dxgi.dll
0x00007ff94d060000 - 0x00007ff94d2ba000 	C:\Windows\system32\twinapi.appcore.dll
0x00007ff94d3c0000 - 0x00007ff94d3e9000 	C:\Windows\system32\RMCLIENT.dll

dbghelp: loaded successfully - version: 4.0.5 - missing functions: none
symbol engine: initialized successfully - sym options: 0x614 - pdb path: .;C:\Program Files\AdoptOpenJDK\jdk-11.0.6.10-hotspot\bin;C:\Windows\SYSTEM32;C:\Windows\WinSxS\amd64_microsoft.windows.common-controls_6595b64144ccf1df_6.0.18362.657_none_e6c5b579130e3898;C:\Program Files\AdoptOpenJDK\jdk-11.0.6.10-hotspot\bin\server

VM Arguments:
jvm_args: -Dfile.encoding=Cp1252 
java_command: calculator.Main
java_class_path (initial): G:\Eclipse\Calculator\bin
Launcher Type: SUN_STANDARD

[Global flags]
     intx CICompilerCount                          = 4                                         {product} {ergonomic}
     uint ConcGCThreads                            = 2                                         {product} {ergonomic}
     uint G1ConcRefinementThreads                  = 8                                         {product} {ergonomic}
   size_t G1HeapRegionSize                         = 1048576                                   {product} {ergonomic}
    uintx GCDrainStackTargetSize                   = 64                                        {product} {ergonomic}
   size_t InitialHeapSize                          = 134217728                                 {product} {ergonomic}
   size_t MarkStackSize                            = 4194304                                   {product} {ergonomic}
   size_t MaxHeapSize                              = 2118123520                                {product} {ergonomic}
   size_t MaxNewSize                               = 1270874112                                {product} {ergonomic}
   size_t MinHeapDeltaBytes                        = 1048576                                   {product} {ergonomic}
    uintx NonNMethodCodeHeapSize                   = 5836300                                {pd product} {ergonomic}
    uintx NonProfiledCodeHeapSize                  = 122910970                              {pd product} {ergonomic}
    uintx ProfiledCodeHeapSize                     = 122910970                              {pd product} {ergonomic}
    uintx ReservedCodeCacheSize                    = 251658240                              {pd product} {ergonomic}
     bool SegmentedCodeCache                       = true                                      {product} {ergonomic}
     bool UseCompressedClassPointers               = true                                 {lp64_product} {ergonomic}
     bool UseCompressedOops                        = true                                 {lp64_product} {ergonomic}
     bool UseG1GC                                  = true                                      {product} {ergonomic}
     bool UseLargePagesIndividualAllocation        = false                                  {pd product} {ergonomic}

Logging:
Log output configuration:
 #0: stdout all=warning uptime,level,tags
 #1: stderr all=off uptime,level,tags

Environment Variables:
PATH=C:/Program Files/AdoptOpenJDK/jdk-11.0.6.10-hotspot/bin/client;C:/Program Files/AdoptOpenJDK/jdk-11.0.6.10-hotspot/bin;C:\Program Files\AdoptOpenJDK\jdk-11.0.6.10-hotspot\bin;C:\Windows\system32;C:\Windows;C:\Windows\System32\Wbem;C:\Windows\System32\WindowsPowerShell\v1.0\;C:\Windows\System32\OpenSSH\;C:\Program Files (x86)\Microsoft SQL Server\150\DTS\Binn\;C:\Program Files\Microsoft SQL Server\Client SDK\ODBC\130\Tools\Binn\;C:\Program Files (x86)\Microsoft SQL Server\140\Tools\Binn\;C:\Program Files\Microsoft SQL Server\140\Tools\Binn\;C:\Program Files\Microsoft SQL Server\140\DTS\Binn\;C:\Program Files\dotnet\;G:\Git\Git\cmd;C:\Users\bogdy\AppData\Local\Microsoft\WindowsApps;C:\Users\bogdy\AppData\Local\Programs\Microsoft VS Code\bin;C:\Windows\System32;
USERNAME=bogdy
OS=Windows_NT
PROCESSOR_IDENTIFIER=Intel64 Family 6 Model 142 Stepping 10, GenuineIntel



---------------  S Y S T E M  ---------------

OS: Windows 10 , 64 bit Build 18362 (10.0.18362.329)

CPU:total 8 (initial active 8) (4 cores per cpu, 2 threads per core) family 6 model 142 stepping 10, cmov, cx8, fxsr, mmx, sse, sse2, sse3, ssse3, sse4.1, sse4.2, popcnt, avx, avx2, aes, clmul, erms, 3dnowpref, lzcnt, ht, tsc, tscinvbit, bmi1, bmi2, adx, fma

Memory: 4k page, system-wide physical 8074M (958M free)
TotalPageFile size 32650M (AvailPageFile size 213M)
current process WorkingSet (physical memory assigned to process): 40M, peak: 89M
current process commit charge ("private bytes"): 225M, peak: 235M

vm_info: OpenJDK 64-Bit Server VM (11.0.6+10) for windows-amd64 JRE (11.0.6+10), built on Jan 15 2020 06:14:58 by "" with MS VC++ 15.8 (VS2017)

END.
