#
# A fatal error has been detected by the Java Runtime Environment:
#
#  EXCEPTION_ACCESS_VIOLATION (0xc0000005) at pc=0x00007ff90a8233ba, pid=21160, tid=15868
#
# JRE version: OpenJDK Runtime Environment (11.0.6+10) (build 11.0.6+10)
# Java VM: OpenJDK 64-Bit Server VM (11.0.6+10, mixed mode, tiered, compressed oops, g1 gc, windows-amd64)
# Problematic frame:
# C  [awt.dll+0xd33ba]
#
# No core dump will be written. Minidumps are not enabled by default on client versions of Windows
#
# If you would like to submit a bug report, please visit:
#   https://github.com/AdoptOpenJDK/openjdk-support/issues
# The crash happened outside the Java Virtual Machine in native code.
# See problematic frame for where to report the bug.
#

---------------  S U M M A R Y ------------

Command Line: -Dfile.encoding=Cp1252 calculator.Main

Host: Intel(R) Core(TM) i7-8550U CPU @ 1.80GHz, 8 cores, 7G,  Windows 10 , 64 bit Build 18362 (10.0.18362.329)
Time: Mon Mar  2 00:01:23 2020 GTB Standard Time elapsed time: 299 seconds (0d 0h 4m 59s)

---------------  T H R E A D  ---------------

Current thread (0x0000017ce2f80000):  JavaThread "AWT-EventQueue-0" [_thread_in_native, id=15868, stack(0x0000006a4eb00000,0x0000006a4ec00000)]

Stack: [0x0000006a4eb00000,0x0000006a4ec00000],  sp=0x0000006a4ebfcd10,  free space=1011k
Native frames: (J=compiled Java code, j=interpreted, Vv=VM code, C=native code)
C  [awt.dll+0xd33ba]

Java frames: (J=compiled Java code, j=interpreted, Vv=VM code)
j  sun.awt.Win32GraphicsDevice.initNativeScale(I)V+0 java.desktop@11.0.6
j  sun.awt.Win32GraphicsDevice.initScaleFactors()V+60 java.desktop@11.0.6
j  sun.awt.Win32GraphicsDevice.displayChanged()V+16 java.desktop@11.0.6
j  sun.awt.Win32GraphicsEnvironment.displayChanged()V+271 java.desktop@11.0.6
j  sun.awt.windows.WToolkit.lambda$displayChanged$2()V+15 java.desktop@11.0.6
j  sun.awt.windows.WToolkit$$Lambda$118.run()V+0 java.desktop@11.0.6
J 1392 c1 java.awt.event.InvocationEvent.dispatch()V java.desktop@11.0.6 (69 bytes) @ 0x0000017cca1c382c [0x0000017cca1c3620+0x000000000000020c]
J 1345 c1 java.awt.EventQueue.dispatchEventImpl(Ljava/awt/AWTEvent;Ljava/lang/Object;)V java.desktop@11.0.6 (136 bytes) @ 0x0000017cca1a85fc [0x0000017cca1a6dc0+0x000000000000183c]
J 1350 c1 java.awt.EventQueue$4.run()Ljava/lang/Void; java.desktop@11.0.6 (60 bytes) @ 0x0000017cca1ace2c [0x0000017cca1acd00+0x000000000000012c]
J 2027 c1 java.awt.EventQueue$4.run()Ljava/lang/Object; java.desktop@11.0.6 (5 bytes) @ 0x0000017cca332fb4 [0x0000017cca332f40+0x0000000000000074]
v  ~StubRoutines::call_stub
J 1218  java.security.AccessController.doPrivileged(Ljava/security/PrivilegedAction;Ljava/security/AccessControlContext;)Ljava/lang/Object; java.base@11.0.6 (0 bytes) @ 0x0000017cd14e7826 [0x0000017cd14e77c0+0x0000000000000066]
J 1884 c2 java.awt.EventQueue.dispatchEvent(Ljava/awt/AWTEvent;)V java.desktop@11.0.6 (80 bytes) @ 0x0000017cd152b678 [0x0000017cd152afe0+0x0000000000000698]
j  java.awt.EventDispatchThread.pumpOneEventForFilters(I)V+78 java.desktop@11.0.6
j  java.awt.EventDispatchThread.pumpEventsForFilter(ILjava/awt/Conditional;Ljava/awt/EventFilter;)V+35 java.desktop@11.0.6
j  java.awt.EventDispatchThread.pumpEventsForHierarchy(ILjava/awt/Conditional;Ljava/awt/Component;)V+11 java.desktop@11.0.6
j  java.awt.EventDispatchThread.pumpEvents(ILjava/awt/Conditional;)V+4 java.desktop@11.0.6
j  java.awt.EventDispatchThread.pumpEvents(Ljava/awt/Conditional;)V+3 java.desktop@11.0.6
j  java.awt.EventDispatchThread.run()V+9 java.desktop@11.0.6
v  ~StubRoutines::call_stub

siginfo: EXCEPTION_ACCESS_VIOLATION (0xc0000005), reading address 0x00000053552d6e8d


Register to memory mapping:

RIP=0x00007ff90a8233ba awt.dll
RAX=0x0000006a4ebfcd38 is pointing into the stack for thread: 0x0000017ce2f80000
RBX=0x00000053552d6e65 is an unknown value
RCX=0x00000053552d6e65 is an unknown value
RDX=0x0 is NULL
RSP=0x0000006a4ebfcd10 is pointing into the stack for thread: 0x0000017ce2f80000
RBP=0x0000006a4ebfce00 is pointing into the stack for thread: 0x0000017ce2f80000
RSI=0x0 is NULL
RDI=0x0 is NULL
R8 =0x0000000000000001 is an unknown value
R9 =0x00000000000000dd is an unknown value
R10=0x0000017cc99bf008 is at code_begin+1000 in an Interpreter codelet
method entry point (kind = native)  [0x0000017cc99bec20, 0x0000017cc99bf780]  2912 bytes
R11=0x0000000000000100 is an unknown value
R12=0x0 is NULL
R13={method} {0x0000017ce11850b0} 'initNativeScale' '(I)V' in 'sun/awt/Win32GraphicsDevice'
R14=0x0000006a4ebfce28 is pointing into the stack for thread: 0x0000017ce2f80000
R15=0x0000017ce2f80000 is a thread


Registers:
RAX=0x0000006a4ebfcd38, RBX=0x00000053552d6e65, RCX=0x00000053552d6e65, RDX=0x0000000000000000
RSP=0x0000006a4ebfcd10, RBP=0x0000006a4ebfce00, RSI=0x0000000000000000, RDI=0x0000000000000000
R8 =0x0000000000000001, R9 =0x00000000000000dd, R10=0x0000017cc99bf008, R11=0x0000000000000100
R12=0x0000000000000000, R13=0x0000017ce11850a8, R14=0x0000006a4ebfce28, R15=0x0000017ce2f80000
RIP=0x00007ff90a8233ba, EFLAGS=0x0000000000010202

Top of Stack: (sp=0x0000006a4ebfcd10)
0x0000006a4ebfcd10:   0000017ce1721a10 0000000000000000
0x0000006a4ebfcd20:   fffffffffffffffe 00000000000000b5
0x0000006a4ebfcd30:   0000017ce1721a10 00007ff90a8247a4
0x0000006a4ebfcd40:   00007ff9bf800000 0000017ce11850a8
0x0000006a4ebfcd50:   0000000000000000 00007ff8fe374b6a
0x0000006a4ebfcd60:   fffffffffffffffe 0000017cbfb86760
0x0000006a4ebfcd70:   0000017cc99b9b80 0000017cc99bf037
0x0000006a4ebfcd80:   0000017ce11850a8 0000000000000000
0x0000006a4ebfcd90:   0000006a4ebfcee8 0000000000000000
0x0000006a4ebfcda0:   0000006a4ebfced8 00007ff8fe385589
0x0000006a4ebfcdb0:   0000017ce5006468 0000006a4ebfcdb8
0x0000006a4ebfcdc0:   0000000000000000 0000006a4ebfce28
0x0000006a4ebfcdd0:   0000017ce1187bf8 0000000000000000
0x0000006a4ebfcde0:   00000000881e0f20 0000017ce11850a8
0x0000006a4ebfcdf0:   0000000000000000 0000006a4ebfce20
0x0000006a4ebfce00:   0000006a4ebfce78 0000017cc99b9e03 

Instructions: (pc=0x00007ff90a8233ba)
0x00007ff90a8232ba:   08 33 ff 48 85 c9 74 07 48 8b b9 08 0c 00 00 48
0x00007ff90a8232ca:   8b cb e8 9f 51 f5 ff 90 48 8b c7 48 8b 5c 24 40
0x00007ff90a8232da:   48 83 c4 30 5f c3 f3 0f 10 41 48 c3 cc cc f3 0f
0x00007ff90a8232ea:   10 41 4c c3 cc cc 40 57 48 83 ec 30 48 c7 44 24
0x00007ff90a8232fa:   20 fe ff ff ff 48 89 5c 24 40 48 89 74 24 50 48
0x00007ff90a82330a:   8b f1 ba 02 00 01 00 48 8b 0d 40 db 07 00 e8 36
0x00007ff90a82331a:   ec 00 00 48 8b d8 e8 3b 50 f5 ff 48 85 c0 75 08
0x00007ff90a82332a:   48 8b cb e8 1e 52 f5 ff e8 29 50 f5 ff 48 8b d8
0x00007ff90a82333a:   48 89 44 24 48 33 ff 39 78 0c 7e 27 41 b8 01 00
0x00007ff90a82334a:   00 00 8b d7 48 8b cb e8 6a 4f f5 ff 48 8b 50 28
0x00007ff90a82335a:   48 8b ce e8 92 f6 ff ff 85 c0 75 0d ff c7 3b 7b
0x00007ff90a82336a:   0c 7c d9 8b 3d 1d e0 07 00 48 8b cb e8 f5 50 f5
0x00007ff90a82337a:   ff 90 8b c7 48 8b 5c 24 40 48 8b 74 24 50 48 83
0x00007ff90a82338a:   c4 30 5f c3 cc cc 48 8b 41 08 48 8b 80 18 0c 00
0x00007ff90a82339a:   00 c3 48 8b 41 08 48 05 00 04 00 00 c3 cc 48 8b
0x00007ff90a8233aa:   c4 53 48 83 ec 20 48 8b d9 c7 40 08 00 00 80 bf
0x00007ff90a8233ba:   48 8b 49 28 4c 8d 40 10 48 8d 50 08 c7 40 10 00
0x00007ff90a8233ca:   00 80 bf e8 52 cc 00 00 f3 0f 10 54 24 30 0f 57
0x00007ff90a8233da:   c0 0f 2f d0 76 25 f3 0f 10 4c 24 38 0f 2f c8 76
0x00007ff90a8233ea:   1a f3 0f 5e 15 81 f1 02 00 f3 0f 5e 0d 79 f1 02
0x00007ff90a8233fa:   00 f3 0f 11 53 48 f3 0f 11 4b 4c 48 83 c4 20 5b
0x00007ff90a82340a:   c3 cc 48 8b c4 57 41 54 41 56 48 83 ec 50 48 c7
0x00007ff90a82341a:   40 d8 fe ff ff ff 48 89 58 10 48 89 70 18 48 8b
0x00007ff90a82342a:   d9 48 8b 41 18 33 ff 48 85 c0 75 18 b9 28 04 00
0x00007ff90a82343a:   00 e8 88 88 00 00 48 89 43 18 c7 00 28 00 00 00
0x00007ff90a82344a:   48 8b 43 18 66 89 78 0e 48 8b 4b 28 e8 29 03 00
0x00007ff90a82345a:   00 48 8b f0 41 bc 01 00 00 00 45 8b c4 41 8b d4
0x00007ff90a82346a:   48 8b c8 ff 15 9d a0 07 00 4c 8b f0 89 7c 24 30
0x00007ff90a82347a:   48 8b 4b 18 48 89 4c 24 28 48 89 7c 24 20 45 8b
0x00007ff90a82348a:   cc 45 33 c0 48 8b d0 48 8b ce ff 15 5e a1 07 00
0x00007ff90a82349a:   48 8b 0b 41 8d 54 24 07 48 8b 43 30 39 51 04 0f
0x00007ff90a8234aa:   8e ca 01 00 00 44 84 60 24 74 09 89 3d d9 de 07 


Stack slot to memory mapping:
stack at sp + 0 slots: 0x0000017ce1721a10 points into unknown readable memory: 10 bd 72 e1 7c 01 00 00
stack at sp + 1 slots: 0x0 is NULL
stack at sp + 2 slots: 0xfffffffffffffffe is an unknown value
stack at sp + 3 slots: 0x00000000000000b5 is an unknown value
stack at sp + 4 slots: 0x0000017ce1721a10 points into unknown readable memory: 10 bd 72 e1 7c 01 00 00
stack at sp + 5 slots: 0x00007ff90a8247a4 awt.dll
stack at sp + 6 slots: 0x00007ff9bf800000 is an unknown value
stack at sp + 7 slots: {method} {0x0000017ce11850b0} 'initNativeScale' '(I)V' in 'sun/awt/Win32GraphicsDevice'


---------------  P R O C E S S  ---------------

Threads class SMR info:
_java_thread_list=0x0000017ce18635a0, length=15, elements={
0x0000017ce09fa800, 0x0000017ce0a27000, 0x0000017ce0a31800, 0x0000017ce0a33800,
0x0000017ce0a35800, 0x0000017ce0a3a000, 0x0000017ce139c000, 0x0000017ce1507000,
0x0000017ce150e000, 0x0000017ce196e800, 0x0000017ce1815800, 0x0000017ce1818000,
0x0000017ce2f80000, 0x0000017cbfb6b800, 0x0000017ce3187800
}

Java Threads: ( => current thread )
  0x0000017ce09fa800 JavaThread "Reference Handler" daemon [_thread_blocked, id=8976, stack(0x0000006a4de00000,0x0000006a4df00000)]
  0x0000017ce0a27000 JavaThread "Finalizer" daemon [_thread_blocked, id=19692, stack(0x0000006a4df00000,0x0000006a4e000000)]
  0x0000017ce0a31800 JavaThread "Signal Dispatcher" daemon [_thread_blocked, id=17428, stack(0x0000006a4e000000,0x0000006a4e100000)]
  0x0000017ce0a33800 JavaThread "Attach Listener" daemon [_thread_blocked, id=19084, stack(0x0000006a4e100000,0x0000006a4e200000)]
  0x0000017ce0a35800 JavaThread "C2 CompilerThread0" daemon [_thread_blocked, id=14872, stack(0x0000006a4e200000,0x0000006a4e300000)]
  0x0000017ce0a3a000 JavaThread "C1 CompilerThread0" daemon [_thread_blocked, id=7672, stack(0x0000006a4e300000,0x0000006a4e400000)]
  0x0000017ce139c000 JavaThread "Sweeper thread" daemon [_thread_blocked, id=5492, stack(0x0000006a4e400000,0x0000006a4e500000)]
  0x0000017ce1507000 JavaThread "Service Thread" daemon [_thread_blocked, id=13056, stack(0x0000006a4e500000,0x0000006a4e600000)]
  0x0000017ce150e000 JavaThread "Common-Cleaner" daemon [_thread_blocked, id=11500, stack(0x0000006a4e700000,0x0000006a4e800000)]
  0x0000017ce196e800 JavaThread "Java2D Disposer" daemon [_thread_blocked, id=15784, stack(0x0000006a4e800000,0x0000006a4e900000)]
  0x0000017ce1815800 JavaThread "AWT-Shutdown" [_thread_blocked, id=8128, stack(0x0000006a4e900000,0x0000006a4ea00000)]
  0x0000017ce1818000 JavaThread "AWT-Windows" daemon [_thread_in_native, id=18524, stack(0x0000006a4ea00000,0x0000006a4eb00000)]
=>0x0000017ce2f80000 JavaThread "AWT-EventQueue-0" [_thread_in_native, id=15868, stack(0x0000006a4eb00000,0x0000006a4ec00000)]
  0x0000017cbfb6b800 JavaThread "DestroyJavaVM" [_thread_blocked, id=4016, stack(0x0000006a4d700000,0x0000006a4d800000)]
  0x0000017ce3187800 JavaThread "TimerQueue" daemon [_thread_blocked, id=13812, stack(0x0000006a4ef00000,0x0000006a4f000000)]

Other Threads:
  0x0000017ce09f9000 VMThread "VM Thread" [stack: 0x0000006a4dd00000,0x0000006a4de00000] [id=13460]
  0x0000017ce1509800 WatcherThread [stack: 0x0000006a4e600000,0x0000006a4e700000] [id=15000]
  0x0000017cbfb83800 GCTaskThread "GC Thread#0" [stack: 0x0000006a4d800000,0x0000006a4d900000] [id=21532]
  0x0000017ce1e59800 GCTaskThread "GC Thread#1" [stack: 0x0000006a4f000000,0x0000006a4f100000] [id=13424]
  0x0000017ce1e5a800 GCTaskThread "GC Thread#2" [stack: 0x0000006a4f100000,0x0000006a4f200000] [id=7612]
  0x0000017ce1e5b000 GCTaskThread "GC Thread#3" [stack: 0x0000006a4f200000,0x0000006a4f300000] [id=924]
  0x0000017ce1e5b800 GCTaskThread "GC Thread#4" [stack: 0x0000006a4f300000,0x0000006a4f400000] [id=20764]
  0x0000017ce1e5c800 GCTaskThread "GC Thread#5" [stack: 0x0000006a4f400000,0x0000006a4f500000] [id=7380]
  0x0000017cbfbb6800 ConcurrentGCThread "G1 Main Marker" [stack: 0x0000006a4d900000,0x0000006a4da00000] [id=22812]
  0x0000017cbfbb8000 ConcurrentGCThread "G1 Conc#0" [stack: 0x0000006a4da00000,0x0000006a4db00000] [id=11972]
  0x0000017ce0860800 ConcurrentGCThread "G1 Refine#0" [stack: 0x0000006a4db00000,0x0000006a4dc00000] [id=18496]
  0x0000017ce0861000 ConcurrentGCThread "G1 Young RemSet Sampling" [stack: 0x0000006a4dc00000,0x0000006a4dd00000] [id=12116]

Threads with active compile tasks:

VM state:not at safepoint (normal execution)

VM Mutex/Monitor currently owned by a thread: None

Heap address: 0x0000000081c00000, size: 2020 MB, Compressed Oops mode: 32-bit
Narrow klass base: 0x0000000000000000, Narrow klass shift: 3
Compressed class space size: 1073741824 Address: 0x0000000100000000

Heap:
 garbage-first heap   total 131072K, used 14492K [0x0000000081c00000, 0x0000000100000000)
  region size 1024K, 9 young (9216K), 3 survivors (3072K)
 Metaspace       used 15319K, capacity 15667K, committed 15872K, reserved 1062912K
  class space    used 1577K, capacity 1741K, committed 1792K, reserved 1048576K
Heap Regions: E=young(eden), S=young(survivor), O=old, HS=humongous(starts), HC=humongous(continues), CS=collection set, F=free, A=archive, TAMS=top-at-mark-start (previous, next)
|   0|0x0000000081c00000, 0x0000000081d00000, 0x0000000081d00000|100%|HS|  |TAMS 0x0000000081c00000, 0x0000000081c00000| Complete 
|   1|0x0000000081d00000, 0x0000000081e00000, 0x0000000081e00000|100%|HC|  |TAMS 0x0000000081d00000, 0x0000000081d00000| Complete 
|   2|0x0000000081e00000, 0x0000000081f00000, 0x0000000081f00000|100%|HC|  |TAMS 0x0000000081e00000, 0x0000000081e00000| Complete 
|   3|0x0000000081f00000, 0x0000000082000000, 0x0000000082000000|100%|HS|  |TAMS 0x0000000081f00000, 0x0000000081f00000| Complete 
|   4|0x0000000082000000, 0x0000000082100000, 0x0000000082100000|100%|HC|  |TAMS 0x0000000082000000, 0x0000000082000000| Complete 
|   5|0x0000000082100000, 0x0000000082200000, 0x0000000082200000|100%|HC|  |TAMS 0x0000000082100000, 0x0000000082100000| Complete 
|   6|0x0000000082200000, 0x0000000082227000, 0x0000000082300000| 15%| O|  |TAMS 0x0000000082200000, 0x0000000082200000| Untracked 
|   7|0x0000000082300000, 0x0000000082300000, 0x0000000082400000|  0%| F|  |TAMS 0x0000000082300000, 0x0000000082300000| Untracked 
|   8|0x0000000082400000, 0x0000000082400000, 0x0000000082500000|  0%| F|  |TAMS 0x0000000082400000, 0x0000000082400000| Untracked 
|   9|0x0000000082500000, 0x0000000082500000, 0x0000000082600000|  0%| F|  |TAMS 0x0000000082500000, 0x0000000082500000| Untracked 
|  10|0x0000000082600000, 0x0000000082600000, 0x0000000082700000|  0%| F|  |TAMS 0x0000000082600000, 0x0000000082600000| Untracked 
|  11|0x0000000082700000, 0x0000000082700000, 0x0000000082800000|  0%| F|  |TAMS 0x0000000082700000, 0x0000000082700000| Untracked 
|  12|0x0000000082800000, 0x0000000082800000, 0x0000000082900000|  0%| F|  |TAMS 0x0000000082800000, 0x0000000082800000| Untracked 
|  13|0x0000000082900000, 0x0000000082900000, 0x0000000082a00000|  0%| F|  |TAMS 0x0000000082900000, 0x0000000082900000| Untracked 
|  14|0x0000000082a00000, 0x0000000082a00000, 0x0000000082b00000|  0%| F|  |TAMS 0x0000000082a00000, 0x0000000082a00000| Untracked 
|  15|0x0000000082b00000, 0x0000000082b00000, 0x0000000082c00000|  0%| F|  |TAMS 0x0000000082b00000, 0x0000000082b00000| Untracked 
|  16|0x0000000082c00000, 0x0000000082c00000, 0x0000000082d00000|  0%| F|  |TAMS 0x0000000082c00000, 0x0000000082c00000| Untracked 
|  17|0x0000000082d00000, 0x0000000082d00000, 0x0000000082e00000|  0%| F|  |TAMS 0x0000000082d00000, 0x0000000082d00000| Untracked 
|  18|0x0000000082e00000, 0x0000000082e00000, 0x0000000082f00000|  0%| F|  |TAMS 0x0000000082e00000, 0x0000000082e00000| Untracked 
|  19|0x0000000082f00000, 0x0000000082f00000, 0x0000000083000000|  0%| F|  |TAMS 0x0000000082f00000, 0x0000000082f00000| Untracked 
|  20|0x0000000083000000, 0x0000000083000000, 0x0000000083100000|  0%| F|  |TAMS 0x0000000083000000, 0x0000000083000000| Untracked 
|  21|0x0000000083100000, 0x0000000083100000, 0x0000000083200000|  0%| F|  |TAMS 0x0000000083100000, 0x0000000083100000| Untracked 
|  22|0x0000000083200000, 0x0000000083200000, 0x0000000083300000|  0%| F|  |TAMS 0x0000000083200000, 0x0000000083200000| Untracked 
|  23|0x0000000083300000, 0x0000000083300000, 0x0000000083400000|  0%| F|  |TAMS 0x0000000083300000, 0x0000000083300000| Untracked 
|  24|0x0000000083400000, 0x0000000083400000, 0x0000000083500000|  0%| F|  |TAMS 0x0000000083400000, 0x0000000083400000| Untracked 
|  25|0x0000000083500000, 0x0000000083500000, 0x0000000083600000|  0%| F|  |TAMS 0x0000000083500000, 0x0000000083500000| Untracked 
|  26|0x0000000083600000, 0x0000000083600000, 0x0000000083700000|  0%| F|  |TAMS 0x0000000083600000, 0x0000000083600000| Untracked 
|  27|0x0000000083700000, 0x0000000083700000, 0x0000000083800000|  0%| F|  |TAMS 0x0000000083700000, 0x0000000083700000| Untracked 
|  28|0x0000000083800000, 0x0000000083800000, 0x0000000083900000|  0%| F|  |TAMS 0x0000000083800000, 0x0000000083800000| Untracked 
|  29|0x0000000083900000, 0x0000000083900000, 0x0000000083a00000|  0%| F|  |TAMS 0x0000000083900000, 0x0000000083900000| Untracked 
|  30|0x0000000083a00000, 0x0000000083a00000, 0x0000000083b00000|  0%| F|  |TAMS 0x0000000083a00000, 0x0000000083a00000| Untracked 
|  31|0x0000000083b00000, 0x0000000083b00000, 0x0000000083c00000|  0%| F|  |TAMS 0x0000000083b00000, 0x0000000083b00000| Untracked 
|  32|0x0000000083c00000, 0x0000000083c00000, 0x0000000083d00000|  0%| F|  |TAMS 0x0000000083c00000, 0x0000000083c00000| Untracked 
|  33|0x0000000083d00000, 0x0000000083d00000, 0x0000000083e00000|  0%| F|  |TAMS 0x0000000083d00000, 0x0000000083d00000| Untracked 
|  34|0x0000000083e00000, 0x0000000083e00000, 0x0000000083f00000|  0%| F|  |TAMS 0x0000000083e00000, 0x0000000083e00000| Untracked 
|  35|0x0000000083f00000, 0x0000000083f00000, 0x0000000084000000|  0%| F|  |TAMS 0x0000000083f00000, 0x0000000083f00000| Untracked 
|  36|0x0000000084000000, 0x0000000084000000, 0x0000000084100000|  0%| F|  |TAMS 0x0000000084000000, 0x0000000084000000| Untracked 
|  37|0x0000000084100000, 0x0000000084100000, 0x0000000084200000|  0%| F|  |TAMS 0x0000000084100000, 0x0000000084100000| Untracked 
|  38|0x0000000084200000, 0x0000000084200000, 0x0000000084300000|  0%| F|  |TAMS 0x0000000084200000, 0x0000000084200000| Untracked 
|  39|0x0000000084300000, 0x0000000084300000, 0x0000000084400000|  0%| F|  |TAMS 0x0000000084300000, 0x0000000084300000| Untracked 
|  40|0x0000000084400000, 0x0000000084400000, 0x0000000084500000|  0%| F|  |TAMS 0x0000000084400000, 0x0000000084400000| Untracked 
|  41|0x0000000084500000, 0x0000000084500000, 0x0000000084600000|  0%| F|  |TAMS 0x0000000084500000, 0x0000000084500000| Untracked 
|  42|0x0000000084600000, 0x0000000084600000, 0x0000000084700000|  0%| F|  |TAMS 0x0000000084600000, 0x0000000084600000| Untracked 
|  43|0x0000000084700000, 0x0000000084700000, 0x0000000084800000|  0%| F|  |TAMS 0x0000000084700000, 0x0000000084700000| Untracked 
|  44|0x0000000084800000, 0x0000000084800000, 0x0000000084900000|  0%| F|  |TAMS 0x0000000084800000, 0x0000000084800000| Untracked 
|  45|0x0000000084900000, 0x0000000084900000, 0x0000000084a00000|  0%| F|  |TAMS 0x0000000084900000, 0x0000000084900000| Untracked 
|  46|0x0000000084a00000, 0x0000000084a00000, 0x0000000084b00000|  0%| F|  |TAMS 0x0000000084a00000, 0x0000000084a00000| Untracked 
|  47|0x0000000084b00000, 0x0000000084b00000, 0x0000000084c00000|  0%| F|  |TAMS 0x0000000084b00000, 0x0000000084b00000| Untracked 
|  48|0x0000000084c00000, 0x0000000084c00000, 0x0000000084d00000|  0%| F|  |TAMS 0x0000000084c00000, 0x0000000084c00000| Untracked 
|  49|0x0000000084d00000, 0x0000000084d00000, 0x0000000084e00000|  0%| F|  |TAMS 0x0000000084d00000, 0x0000000084d00000| Untracked 
|  50|0x0000000084e00000, 0x0000000084e00000, 0x0000000084f00000|  0%| F|  |TAMS 0x0000000084e00000, 0x0000000084e00000| Untracked 
|  51|0x0000000084f00000, 0x0000000084f00000, 0x0000000085000000|  0%| F|  |TAMS 0x0000000084f00000, 0x0000000084f00000| Untracked 
|  52|0x0000000085000000, 0x0000000085000000, 0x0000000085100000|  0%| F|  |TAMS 0x0000000085000000, 0x0000000085000000| Untracked 
|  53|0x0000000085100000, 0x0000000085100000, 0x0000000085200000|  0%| F|  |TAMS 0x0000000085100000, 0x0000000085100000| Untracked 
|  54|0x0000000085200000, 0x0000000085200000, 0x0000000085300000|  0%| F|  |TAMS 0x0000000085200000, 0x0000000085200000| Untracked 
|  55|0x0000000085300000, 0x0000000085300000, 0x0000000085400000|  0%| F|  |TAMS 0x0000000085300000, 0x0000000085300000| Untracked 
|  56|0x0000000085400000, 0x0000000085400000, 0x0000000085500000|  0%| F|  |TAMS 0x0000000085400000, 0x0000000085400000| Untracked 
|  57|0x0000000085500000, 0x0000000085500000, 0x0000000085600000|  0%| F|  |TAMS 0x0000000085500000, 0x0000000085500000| Untracked 
|  58|0x0000000085600000, 0x0000000085600000, 0x0000000085700000|  0%| F|  |TAMS 0x0000000085600000, 0x0000000085600000| Untracked 
|  59|0x0000000085700000, 0x0000000085700000, 0x0000000085800000|  0%| F|  |TAMS 0x0000000085700000, 0x0000000085700000| Untracked 
|  60|0x0000000085800000, 0x0000000085800000, 0x0000000085900000|  0%| F|  |TAMS 0x0000000085800000, 0x0000000085800000| Untracked 
|  61|0x0000000085900000, 0x0000000085900000, 0x0000000085a00000|  0%| F|  |TAMS 0x0000000085900000, 0x0000000085900000| Untracked 
|  62|0x0000000085a00000, 0x0000000085a00000, 0x0000000085b00000|  0%| F|  |TAMS 0x0000000085a00000, 0x0000000085a00000| Untracked 
|  63|0x0000000085b00000, 0x0000000085b00000, 0x0000000085c00000|  0%| F|  |TAMS 0x0000000085b00000, 0x0000000085b00000| Untracked 
|  64|0x0000000085c00000, 0x0000000085c00000, 0x0000000085d00000|  0%| F|  |TAMS 0x0000000085c00000, 0x0000000085c00000| Untracked 
|  65|0x0000000085d00000, 0x0000000085d00000, 0x0000000085e00000|  0%| F|  |TAMS 0x0000000085d00000, 0x0000000085d00000| Untracked 
|  66|0x0000000085e00000, 0x0000000085e00000, 0x0000000085f00000|  0%| F|  |TAMS 0x0000000085e00000, 0x0000000085e00000| Untracked 
|  67|0x0000000085f00000, 0x0000000085f00000, 0x0000000086000000|  0%| F|  |TAMS 0x0000000085f00000, 0x0000000085f00000| Untracked 
|  68|0x0000000086000000, 0x0000000086000000, 0x0000000086100000|  0%| F|  |TAMS 0x0000000086000000, 0x0000000086000000| Untracked 
|  69|0x0000000086100000, 0x0000000086100000, 0x0000000086200000|  0%| F|  |TAMS 0x0000000086100000, 0x0000000086100000| Untracked 
|  70|0x0000000086200000, 0x0000000086200000, 0x0000000086300000|  0%| F|  |TAMS 0x0000000086200000, 0x0000000086200000| Untracked 
|  71|0x0000000086300000, 0x0000000086300000, 0x0000000086400000|  0%| F|  |TAMS 0x0000000086300000, 0x0000000086300000| Untracked 
|  72|0x0000000086400000, 0x0000000086400000, 0x0000000086500000|  0%| F|  |TAMS 0x0000000086400000, 0x0000000086400000| Untracked 
|  73|0x0000000086500000, 0x0000000086500000, 0x0000000086600000|  0%| F|  |TAMS 0x0000000086500000, 0x0000000086500000| Untracked 
|  74|0x0000000086600000, 0x0000000086600000, 0x0000000086700000|  0%| F|  |TAMS 0x0000000086600000, 0x0000000086600000| Untracked 
|  75|0x0000000086700000, 0x0000000086700000, 0x0000000086800000|  0%| F|  |TAMS 0x0000000086700000, 0x0000000086700000| Untracked 
|  76|0x0000000086800000, 0x0000000086800000, 0x0000000086900000|  0%| F|  |TAMS 0x0000000086800000, 0x0000000086800000| Untracked 
|  77|0x0000000086900000, 0x0000000086900000, 0x0000000086a00000|  0%| F|  |TAMS 0x0000000086900000, 0x0000000086900000| Untracked 
|  78|0x0000000086a00000, 0x0000000086a00000, 0x0000000086b00000|  0%| F|  |TAMS 0x0000000086a00000, 0x0000000086a00000| Untracked 
|  79|0x0000000086b00000, 0x0000000086b00000, 0x0000000086c00000|  0%| F|  |TAMS 0x0000000086b00000, 0x0000000086b00000| Untracked 
|  80|0x0000000086c00000, 0x0000000086c00000, 0x0000000086d00000|  0%| F|  |TAMS 0x0000000086c00000, 0x0000000086c00000| Untracked 
|  81|0x0000000086d00000, 0x0000000086d00000, 0x0000000086e00000|  0%| F|  |TAMS 0x0000000086d00000, 0x0000000086d00000| Untracked 
|  82|0x0000000086e00000, 0x0000000086e00000, 0x0000000086f00000|  0%| F|  |TAMS 0x0000000086e00000, 0x0000000086e00000| Untracked 
|  83|0x0000000086f00000, 0x0000000086f00000, 0x0000000087000000|  0%| F|  |TAMS 0x0000000086f00000, 0x0000000086f00000| Untracked 
|  84|0x0000000087000000, 0x0000000087000000, 0x0000000087100000|  0%| F|  |TAMS 0x0000000087000000, 0x0000000087000000| Untracked 
|  85|0x0000000087100000, 0x0000000087100000, 0x0000000087200000|  0%| F|  |TAMS 0x0000000087100000, 0x0000000087100000| Untracked 
|  86|0x0000000087200000, 0x0000000087200000, 0x0000000087300000|  0%| F|  |TAMS 0x0000000087200000, 0x0000000087200000| Untracked 
|  87|0x0000000087300000, 0x0000000087300000, 0x0000000087400000|  0%| F|  |TAMS 0x0000000087300000, 0x0000000087300000| Untracked 
|  88|0x0000000087400000, 0x0000000087400000, 0x0000000087500000|  0%| F|  |TAMS 0x0000000087400000, 0x0000000087400000| Untracked 
|  89|0x0000000087500000, 0x0000000087500000, 0x0000000087600000|  0%| F|  |TAMS 0x0000000087500000, 0x0000000087500000| Untracked 
|  90|0x0000000087600000, 0x0000000087600000, 0x0000000087700000|  0%| F|  |TAMS 0x0000000087600000, 0x0000000087600000| Untracked 
|  91|0x0000000087700000, 0x0000000087700000, 0x0000000087800000|  0%| F|  |TAMS 0x0000000087700000, 0x0000000087700000| Untracked 
|  92|0x0000000087800000, 0x0000000087800000, 0x0000000087900000|  0%| F|  |TAMS 0x0000000087800000, 0x0000000087800000| Untracked 
|  93|0x0000000087900000, 0x0000000087900000, 0x0000000087a00000|  0%| F|  |TAMS 0x0000000087900000, 0x0000000087900000| Untracked 
|  94|0x0000000087a00000, 0x0000000087a00000, 0x0000000087b00000|  0%| F|  |TAMS 0x0000000087a00000, 0x0000000087a00000| Untracked 
|  95|0x0000000087b00000, 0x0000000087b00000, 0x0000000087c00000|  0%| F|  |TAMS 0x0000000087b00000, 0x0000000087b00000| Untracked 
|  96|0x0000000087c00000, 0x0000000087c00000, 0x0000000087d00000|  0%| F|  |TAMS 0x0000000087c00000, 0x0000000087c00000| Untracked 
|  97|0x0000000087d00000, 0x0000000087d00000, 0x0000000087e00000|  0%| F|  |TAMS 0x0000000087d00000, 0x0000000087d00000| Untracked 
|  98|0x0000000087e00000, 0x0000000087e00000, 0x0000000087f00000|  0%| F|  |TAMS 0x0000000087e00000, 0x0000000087e00000| Untracked 
|  99|0x0000000087f00000, 0x0000000087f00000, 0x0000000088000000|  0%| F|  |TAMS 0x0000000087f00000, 0x0000000087f00000| Untracked 
| 100|0x0000000088000000, 0x0000000088000000, 0x0000000088100000|  0%| F|  |TAMS 0x0000000088000000, 0x0000000088000000| Untracked 
| 101|0x0000000088100000, 0x0000000088200000, 0x0000000088200000|100%| S|CS|TAMS 0x0000000088100000, 0x0000000088100000| Complete 
| 102|0x0000000088200000, 0x0000000088300000, 0x0000000088300000|100%| S|CS|TAMS 0x0000000088200000, 0x0000000088200000| Complete 
| 103|0x0000000088300000, 0x0000000088400000, 0x0000000088400000|100%| S|CS|TAMS 0x0000000088300000, 0x0000000088300000| Complete 
| 104|0x0000000088400000, 0x0000000088400000, 0x0000000088500000|  0%| F|  |TAMS 0x0000000088400000, 0x0000000088400000| Untracked 
| 105|0x0000000088500000, 0x0000000088500000, 0x0000000088600000|  0%| F|  |TAMS 0x0000000088500000, 0x0000000088500000| Untracked 
| 106|0x0000000088600000, 0x0000000088600000, 0x0000000088700000|  0%| F|  |TAMS 0x0000000088600000, 0x0000000088600000| Untracked 
| 107|0x0000000088700000, 0x0000000088700000, 0x0000000088800000|  0%| F|  |TAMS 0x0000000088700000, 0x0000000088700000| Untracked 
| 108|0x0000000088800000, 0x0000000088800000, 0x0000000088900000|  0%| F|  |TAMS 0x0000000088800000, 0x0000000088800000| Untracked 
| 109|0x0000000088900000, 0x0000000088900000, 0x0000000088a00000|  0%| F|  |TAMS 0x0000000088900000, 0x0000000088900000| Untracked 
| 110|0x0000000088a00000, 0x0000000088a00000, 0x0000000088b00000|  0%| F|  |TAMS 0x0000000088a00000, 0x0000000088a00000| Untracked 
| 111|0x0000000088b00000, 0x0000000088b00000, 0x0000000088c00000|  0%| F|  |TAMS 0x0000000088b00000, 0x0000000088b00000| Untracked 
| 112|0x0000000088c00000, 0x0000000088c00000, 0x0000000088d00000|  0%| F|  |TAMS 0x0000000088c00000, 0x0000000088c00000| Untracked 
| 113|0x0000000088d00000, 0x0000000088d00000, 0x0000000088e00000|  0%| F|  |TAMS 0x0000000088d00000, 0x0000000088d00000| Untracked 
| 114|0x0000000088e00000, 0x0000000088e00000, 0x0000000088f00000|  0%| F|  |TAMS 0x0000000088e00000, 0x0000000088e00000| Untracked 
| 115|0x0000000088f00000, 0x0000000088f00000, 0x0000000089000000|  0%| F|  |TAMS 0x0000000088f00000, 0x0000000088f00000| Untracked 
| 116|0x0000000089000000, 0x0000000089000000, 0x0000000089100000|  0%| F|  |TAMS 0x0000000089000000, 0x0000000089000000| Untracked 
| 117|0x0000000089100000, 0x0000000089100000, 0x0000000089200000|  0%| F|  |TAMS 0x0000000089100000, 0x0000000089100000| Untracked 
| 118|0x0000000089200000, 0x0000000089200000, 0x0000000089300000|  0%| F|  |TAMS 0x0000000089200000, 0x0000000089200000| Untracked 
| 119|0x0000000089300000, 0x0000000089300000, 0x0000000089400000|  0%| F|  |TAMS 0x0000000089300000, 0x0000000089300000| Untracked 
| 120|0x0000000089400000, 0x0000000089400000, 0x0000000089500000|  0%| F|  |TAMS 0x0000000089400000, 0x0000000089400000| Untracked 
| 121|0x0000000089500000, 0x0000000089500000, 0x0000000089600000|  0%| F|  |TAMS 0x0000000089500000, 0x0000000089500000| Untracked 
| 122|0x0000000089600000, 0x0000000089700000, 0x0000000089700000|100%| E|  |TAMS 0x0000000089600000, 0x0000000089600000| Complete 
| 123|0x0000000089700000, 0x0000000089800000, 0x0000000089800000|100%| E|CS|TAMS 0x0000000089700000, 0x0000000089700000| Complete 
| 124|0x0000000089800000, 0x0000000089900000, 0x0000000089900000|100%| E|CS|TAMS 0x0000000089800000, 0x0000000089800000| Complete 
| 125|0x0000000089900000, 0x0000000089a00000, 0x0000000089a00000|100%| E|CS|TAMS 0x0000000089900000, 0x0000000089900000| Complete 
| 126|0x0000000089a00000, 0x0000000089b00000, 0x0000000089b00000|100%| E|CS|TAMS 0x0000000089a00000, 0x0000000089a00000| Complete 
| 127|0x0000000089b00000, 0x0000000089c00000, 0x0000000089c00000|100%| E|CS|TAMS 0x0000000089b00000, 0x0000000089b00000| Complete 

Card table byte_map: [0x0000017cd9810000,0x0000017cd9c10000] _byte_map_base: 0x0000017cd9402000

Marking Bits (Prev, Next): (CMBitMap*) 0x0000017cbfbacac8, (CMBitMap*) 0x0000017cbfbacb00
 Prev Bits: [0x0000017cda010000, 0x0000017cdbfa0000)
 Next Bits: [0x0000017cdbfa0000, 0x0000017cddf30000)

Polling page: 0x0000017cbfc40000

Metaspace:

Usage:
  Non-class:     13.60 MB capacity,    13.42 MB ( 99%) used,   142.03 KB (  1%) free+waste,    42.38 KB ( <1%) overhead. 
      Class:      1.70 MB capacity,     1.54 MB ( 91%) used,   140.86 KB (  8%) free+waste,    22.56 KB (  1%) overhead. 
       Both:     15.30 MB capacity,    14.96 MB ( 98%) used,   282.89 KB (  2%) free+waste,    64.94 KB ( <1%) overhead. 

Virtual space:
  Non-class space:       14.00 MB reserved,      13.75 MB ( 98%) committed 
      Class space:        1.00 GB reserved,       1.75 MB ( <1%) committed 
             Both:        1.01 GB reserved,      15.50 MB (  1%) committed 

Chunk freelists:
   Non-Class:  26.00 KB
       Class:  19.00 KB
        Both:  45.00 KB

MaxMetaspaceSize: 17179869184.00 GB
CompressedClassSpaceSize: 1.00 GB

CodeHeap 'non-profiled nmethods': size=120000Kb used=840Kb max_used=840Kb free=119159Kb
 bounds [0x0000017cd1480000, 0x0000017cd16f0000, 0x0000017cd89b0000]
CodeHeap 'profiled nmethods': size=120000Kb used=4065Kb max_used=4065Kb free=115934Kb
 bounds [0x0000017cc9f50000, 0x0000017cca350000, 0x0000017cd1480000]
CodeHeap 'non-nmethods': size=5760Kb used=1203Kb max_used=1235Kb free=4556Kb
 bounds [0x0000017cc99b0000, 0x0000017cc9c20000, 0x0000017cc9f50000]
 total_blobs=3340 nmethods=2066 adapters=472
 compilation: enabled
              stopped_count=0, restarted_count=0
 full_count=0

Compilation events (20 events):
Event: 23.996 Thread 0x0000017ce0a3a000 nmethod 2057 0x0000017cca341b90 code [0x0000017cca341da0, 0x0000017cca342510]
Event: 23.996 Thread 0x0000017ce0a3a000 2058       3       sun.java2d.SunGraphics2D::makeHints (183 bytes)
Event: 23.997 Thread 0x0000017ce0a3a000 nmethod 2058 0x0000017cca342710 code [0x0000017cca342a40, 0x0000017cca343890]
Event: 24.000 Thread 0x0000017ce0a35800 nmethod 2056 0x0000017cd1545a10 code [0x0000017cd1545bc0, 0x0000017cd1545f78]
Event: 24.000 Thread 0x0000017ce0a35800 2059   !   4       java.awt.GradientPaintContext::<init> (649 bytes)
Event: 24.034 Thread 0x0000017ce0a35800 nmethod 2059 0x0000017cd1546110 code [0x0000017cd15464a0, 0x0000017cd1547e30]
Event: 24.299 Thread 0x0000017ce0a35800 2060   !   4       java.awt.event.InputEvent::canAccessSystemClipboard (57 bytes)
Event: 24.300 Thread 0x0000017ce0a35800 nmethod 2060 0x0000017cd1548f10 code [0x0000017cd15490a0, 0x0000017cd1549158]
Event: 24.424 Thread 0x0000017ce0a35800 2061       4       java.awt.event.MouseEvent::<init> (211 bytes)
Event: 24.436 Thread 0x0000017ce0a35800 nmethod 2061 0x0000017cd1549290 code [0x0000017cd1549480, 0x0000017cd154a2e8]
Event: 24.546 Thread 0x0000017ce0a35800 2062   !   4       java.awt.Container::dispatchEventImpl (129 bytes)
Event: 24.620 Thread 0x0000017ce0a35800 nmethod 2062 0x0000017cd154ab10 code [0x0000017cd154b060, 0x0000017cd154f6b0]
Event: 24.729 Thread 0x0000017ce0a3a000 2063       3       java.util.LinkedList$Node::<init> (20 bytes)
Event: 24.729 Thread 0x0000017ce0a3a000 nmethod 2063 0x0000017cca344010 code [0x0000017cca3441e0, 0x0000017cca3444b8]
Event: 298.991 Thread 0x0000017ce0a3a000 2064       3       java.lang.ref.ReferenceQueue::reallyPoll (65 bytes)
Event: 298.991 Thread 0x0000017ce0a3a000 nmethod 2064 0x0000017cca344590 code [0x0000017cca344780, 0x0000017cca344cd8]
Event: 298.991 Thread 0x0000017ce0a3a000 2065   !   3       java.util.concurrent.ConcurrentHashMap::replaceNode (437 bytes)
Event: 298.993 Thread 0x0000017ce0a3a000 nmethod 2065 0x0000017cca344e10 code [0x0000017cca3451c0, 0x0000017cca3472c0]
Event: 298.993 Thread 0x0000017ce0a3a000 2066       3       java.util.concurrent.ConcurrentHashMap::remove (8 bytes)
Event: 298.993 Thread 0x0000017ce0a3a000 nmethod 2066 0x0000017cca348110 code [0x0000017cca3482e0, 0x0000017cca348490]

GC Heap History (2 events):
Event: 13.962 GC heap before
{Heap before GC invocations=0 (full 0):
 garbage-first heap   total 131072K, used 30720K [0x0000000081c00000, 0x0000000100000000)
  region size 1024K, 24 young (24576K), 0 survivors (0K)
 Metaspace       used 15158K, capacity 15471K, committed 15616K, reserved 1062912K
  class space    used 1574K, capacity 1740K, committed 1792K, reserved 1048576K
}
Event: 13.967 GC heap after
{Heap after GC invocations=1 (full 0):
 garbage-first heap   total 131072K, used 9372K [0x0000000081c00000, 0x0000000100000000)
  region size 1024K, 3 young (3072K), 3 survivors (3072K)
 Metaspace       used 15158K, capacity 15471K, committed 15616K, reserved 1062912K
  class space    used 1574K, capacity 1740K, committed 1792K, reserved 1048576K
}

Deoptimization events (20 events):
Event: 24.736 Thread 0x0000017ce1818000 Uncommon trap: trap_request=0xffffff4d fr.pc=0x0000017cd152fe3c relative=0x000000000000133c
Event: 24.736 Thread 0x0000017ce1818000 Uncommon trap: reason=unstable_if action=reinterpret pc=0x0000017cd152fe3c method=sun.awt.SunToolkit.postEvent(Lsun/awt/AppContext;Ljava/awt/AWTEvent;)V @ 27 c2
Event: 24.736 Thread 0x0000017ce1818000 DEOPT PACKING pc=0x0000017cd152fe3c sp=0x0000006a4eafd7f0
Event: 24.736 Thread 0x0000017ce1818000 DEOPT UNPACKING pc=0x0000017cc99d8f2f sp=0x0000006a4eafd7d8 mode 2
Event: 24.739 Thread 0x0000017ce2f80000 Uncommon trap: trap_request=0xffffff4d fr.pc=0x0000017cd15072b8 relative=0x00000000000029b8
Event: 24.739 Thread 0x0000017ce2f80000 Uncommon trap: reason=unstable_if action=reinterpret pc=0x0000017cd15072b8 method=java.awt.EventQueue.getPriority(Ljava/awt/AWTEvent;)I @ 4 c2
Event: 24.739 Thread 0x0000017ce2f80000 DEOPT PACKING pc=0x0000017cd15072b8 sp=0x0000006a4ebfea90
Event: 24.739 Thread 0x0000017ce2f80000 DEOPT UNPACKING pc=0x0000017cc99d8f2f sp=0x0000006a4ebfe968 mode 2
Event: 24.739 Thread 0x0000017ce2f80000 Uncommon trap: trap_request=0xffffff4d fr.pc=0x0000017cd1504074 relative=0x0000000000000054
Event: 24.739 Thread 0x0000017ce2f80000 Uncommon trap: reason=unstable_if action=reinterpret pc=0x0000017cd1504074 method=java.awt.EventQueue.eventToCacheIndex(Ljava/awt/AWTEvent;)I @ 71 c2
Event: 24.739 Thread 0x0000017ce2f80000 DEOPT PACKING pc=0x0000017cd1504074 sp=0x0000006a4ebfe8c0
Event: 24.740 Thread 0x0000017ce2f80000 DEOPT UNPACKING pc=0x0000017cc99d8f2f sp=0x0000006a4ebfe858 mode 2
Event: 24.740 Thread 0x0000017ce2f80000 Uncommon trap: trap_request=0xffffff4d fr.pc=0x0000017cd15351b4 relative=0x0000000000002674
Event: 24.740 Thread 0x0000017ce2f80000 Uncommon trap: reason=unstable_if action=reinterpret pc=0x0000017cd15351b4 method=java.awt.EventQueue.eventToCacheIndex(Ljava/awt/AWTEvent;)I @ 71 c2
Event: 24.740 Thread 0x0000017ce2f80000 DEOPT PACKING pc=0x0000017cd15351b4 sp=0x0000006a4ebfeb90
Event: 24.740 Thread 0x0000017ce2f80000 DEOPT UNPACKING pc=0x0000017cc99d8f2f sp=0x0000006a4ebfe9f8 mode 2
Event: 24.740 Thread 0x0000017ce2f80000 Uncommon trap: trap_request=0xffffffde fr.pc=0x0000017cd152881c relative=0x000000000000077c
Event: 24.740 Thread 0x0000017ce2f80000 Uncommon trap: reason=class_check action=maybe_recompile pc=0x0000017cd152881c method=java.awt.EventQueue.setCurrentEventAndMostRecentTimeImpl(Ljava/awt/AWTEvent;)V @ 141 c2
Event: 24.740 Thread 0x0000017ce2f80000 DEOPT PACKING pc=0x0000017cd152881c sp=0x0000006a4ebfd020
Event: 24.740 Thread 0x0000017ce2f80000 DEOPT UNPACKING pc=0x0000017cc99d8f2f sp=0x0000006a4ebfcfc0 mode 2

Classes redefined (0 events):
No events

Internal exceptions (20 events):
Event: 0.137 Thread 0x0000017cbfb6b800 Exception <a 'java/lang/NoSuchMethodError'{0x00000000899517d0}: 'java.lang.Object java.lang.invoke.DirectMethodHandle$Holder.invokeSpecial(java.lang.Object, java.lang.Object, int, int, java.lang.Object, java.lang.Object, java.lang.Object)'> (0x00000000899
Event: 0.137 Thread 0x0000017cbfb6b800 Exception <a 'java/lang/NoSuchMethodError'{0x0000000089954d60}: 'java.lang.Object java.lang.invoke.DelegatingMethodHandle$Holder.reinvoke_L(java.lang.Object, int, int, java.lang.Object, java.lang.Object, java.lang.Object)'> (0x0000000089954d60) thrown at 
Event: 0.137 Thread 0x0000017cbfb6b800 Exception <a 'java/lang/NoSuchMethodError'{0x0000000089958e40}: 'java.lang.Object java.lang.invoke.DirectMethodHandle$Holder.invokeStatic(java.lang.Object, java.lang.Object, java.lang.Object, java.lang.Object, int)'> (0x0000000089958e40) thrown at [c:/cyg
Event: 0.147 Thread 0x0000017cbfb6b800 Exception <a 'java/io/FileNotFoundException'{0x00000000899bbdb0}> (0x00000000899bbdb0) thrown at [c:/cygwin64/tmp/openjdk-jdk11u-windows-x64-hotspot/workspace/build/src/src/hotspot/share/prims/jni.cpp, line 615]
Event: 0.210 Thread 0x0000017ce1818000 Exception <a 'java/lang/NoSuchMethodError'{0x0000000089880810}: 'void java.lang.invoke.DirectMethodHandle$Holder.invokeSpecial(java.lang.Object, java.lang.Object)'> (0x0000000089880810) thrown at [c:/cygwin64/tmp/openjdk-jdk11u-windows-x64-hotspot/workspa
Event: 0.218 Thread 0x0000017cbfb6b800 Exception <a 'java/lang/NoSuchMethodError'{0x00000000898552a0}: 'java.lang.Object java.lang.invoke.DirectMethodHandle$Holder.invokeStatic(java.lang.Object, java.lang.Object, java.lang.Object, java.lang.Object, java.lang.Object, java.lang.Object, java.lang
Event: 0.220 Thread 0x0000017cbfb6b800 Exception <a 'java/lang/NoSuchMethodError'{0x000000008986f380}: 'java.lang.Object java.lang.invoke.DirectMethodHandle$Holder.invokeStatic(java.lang.Object, java.lang.Object, java.lang.Object, java.lang.Object, java.lang.Object, java.lang.Object, java.lang
Event: 0.299 Thread 0x0000017cbfb6b800 Exception <a 'java/lang/NoSuchMethodError'{0x000000008962b918}: 'java.lang.Object java.lang.invoke.DirectMethodHandle$Holder.invokeStatic(java.lang.Object, int, java.lang.Object, java.lang.Object, java.lang.Object, java.lang.Object)'> (0x000000008962b918)
Event: 0.300 Thread 0x0000017cbfb6b800 Exception <a 'java/lang/NoSuchMethodError'{0x00000000896329d8}: 'java.lang.Object java.lang.invoke.DirectMethodHandle$Holder.invokeStatic(java.lang.Object, int, java.lang.Object, java.lang.Object, java.lang.Object)'> (0x00000000896329d8) thrown at [c:/cyg
Event: 0.300 Thread 0x0000017cbfb6b800 Exception <a 'java/lang/NoSuchMethodError'{0x0000000089636520}: 'java.lang.Object java.lang.invoke.DirectMethodHandle$Holder.invokeSpecial(java.lang.Object, java.lang.Object, int, java.lang.Object, java.lang.Object, java.lang.Object)'> (0x0000000089636520
Event: 0.328 Thread 0x0000017cbfb6b800 Exception <a 'java/lang/ClassNotFoundException'{0x00000000896f5548}: com/sun/swing/internal/plaf/metal/resources/spi/metalProvider> (0x00000000896f5548) thrown at [c:/cygwin64/tmp/openjdk-jdk11u-windows-x64-hotspot/workspace/build/src/src/hotspot/share/cl
Event: 0.329 Thread 0x0000017cbfb6b800 Exception <a 'java/lang/ClassNotFoundException'{0x00000000896f9b00}: com/sun/swing/internal/plaf/basic/resources/spi/basicProvider> (0x00000000896f9b00) thrown at [c:/cygwin64/tmp/openjdk-jdk11u-windows-x64-hotspot/workspace/build/src/src/hotspot/share/cl
Event: 0.363 Thread 0x0000017cbfb6b800 Exception <a 'java/lang/NoSuchMethodError'{0x000000008955ac98}: 'void java.lang.invoke.DirectMethodHandle$Holder.invokeStaticInit(java.lang.Object)'> (0x000000008955ac98) thrown at [c:/cygwin64/tmp/openjdk-jdk11u-windows-x64-hotspot/workspace/build/src/sr
Event: 0.400 Thread 0x0000017cbfb6b800 Exception <a 'java/lang/NoSuchMethodError'{0x000000008931b768}: 'java.lang.Object java.lang.invoke.DirectMethodHandle$Holder.invokeStatic(java.lang.Object, java.lang.Object, java.lang.Object, java.lang.Object, java.lang.Object, java.lang.Object, java.lang
Event: 0.401 Thread 0x0000017cbfb6b800 Exception <a 'java/lang/NoSuchMethodError'{0x0000000089339970}: 'java.lang.Object java.lang.invoke.DirectMethodHandle$Holder.invokeStatic(java.lang.Object, java.lang.Object, java.lang.Object, java.lang.Object, java.lang.Object, java.lang.Object, java.lang
Event: 0.402 Thread 0x0000017cbfb6b800 Exception <a 'java/lang/NoSuchMethodError'{0x0000000089358908}: 'java.lang.Object java.lang.invoke.DirectMethodHandle$Holder.invokeStatic(java.lang.Object, java.lang.Object, java.lang.Object, java.lang.Object, java.lang.Object, java.lang.Object, java.lang
Event: 0.403 Thread 0x0000017cbfb6b800 Exception <a 'java/lang/NoSuchMethodError'{0x00000000893648b8}: 'java.lang.Object java.lang.invoke.Invokers$Holder.linkToTargetMethod(java.lang.Object, int, java.lang.Object)'> (0x00000000893648b8) thrown at [c:/cygwin64/tmp/openjdk-jdk11u-windows-x64-hot
Event: 0.456 Thread 0x0000017ce2f80000 Exception <a 'java/lang/NoSuchMethodError'{0x00000000895e2530}: 'java.lang.Object java.lang.invoke.DirectMethodHandle$Holder.invokeStatic(java.lang.Object, java.lang.Object, java.lang.Object, java.lang.Object, java.lang.Object, java.lang.Object, java.lang
Event: 22.274 Thread 0x0000017ce2f80000 Implicit null exception at 0x0000017cd152d0ec to 0x0000017cd152dace
Event: 22.380 Thread 0x0000017ce2f80000 Implicit null exception at 0x0000017cd153ca14 to 0x0000017cd153d106

Events (20 events):
Event: 16.684 loading class javax/swing/text/DefaultHighlighter$LayeredHighlightInfo
Event: 16.684 loading class javax/swing/text/DefaultHighlighter$HighlightInfo
Event: 16.684 loading class javax/swing/text/DefaultHighlighter$HighlightInfo done
Event: 16.684 loading class javax/swing/text/DefaultHighlighter$LayeredHighlightInfo done
Event: 17.266 loading class javax/swing/text/GapContent$UndoPosRef
Event: 17.266 loading class javax/swing/text/GapContent$UndoPosRef done
Event: 22.186 Loaded shared library C:\Program Files\AdoptOpenJDK\jdk-11.0.6.10-hotspot\bin\java.dll
Event: 22.187 Loaded shared library C:\Program Files\AdoptOpenJDK\jdk-11.0.6.10-hotspot\bin\java.dll
Event: 22.188 Loaded shared library C:\Program Files\AdoptOpenJDK\jdk-11.0.6.10-hotspot\bin\java.dll
Event: 22.189 Loaded shared library C:\Program Files\AdoptOpenJDK\jdk-11.0.6.10-hotspot\bin\java.dll
Event: 24.728 Executing VM operation: RevokeBias
Event: 24.728 Executing VM operation: RevokeBias done
Event: 24.728 loading class java/awt/KeyboardFocusManager$2
Event: 24.729 loading class java/awt/KeyboardFocusManager$2 done
Event: 24.729 loading class sun/awt/SunToolkit$1
Event: 24.729 loading class sun/awt/SunToolkit$1 done
Event: 298.990 Executing VM operation: RevokeBias
Event: 298.990 Executing VM operation: RevokeBias done
Event: 298.991 Executing VM operation: RevokeBias
Event: 298.991 Executing VM operation: RevokeBias done


Dynamic libraries:
0x00007ff6c79d0000 - 0x00007ff6c79dd000 	C:\Program Files\AdoptOpenJDK\jdk-11.0.6.10-hotspot\bin\javaw.exe
0x00007ff952100000 - 0x00007ff9522f0000 	C:\Windows\SYSTEM32\ntdll.dll
0x00007ff951f60000 - 0x00007ff952012000 	C:\Windows\System32\KERNEL32.DLL
0x00007ff94f480000 - 0x00007ff94f723000 	C:\Windows\System32\KERNELBASE.dll
0x00007ff94f900000 - 0x00007ff94f9fa000 	C:\Windows\System32\ucrtbase.dll
0x00007ff93dad0000 - 0x00007ff93dae6000 	C:\Program Files\AdoptOpenJDK\jdk-11.0.6.10-hotspot\bin\VCRUNTIME140.dll
0x00007ff93daf0000 - 0x00007ff93db07000 	C:\Program Files\AdoptOpenJDK\jdk-11.0.6.10-hotspot\bin\jli.dll
0x00007ff951bd0000 - 0x00007ff951d64000 	C:\Windows\System32\USER32.dll
0x00007ff950180000 - 0x00007ff9501a1000 	C:\Windows\System32\win32u.dll
0x00007ff93f150000 - 0x00007ff93f3d5000 	C:\Windows\WinSxS\amd64_microsoft.windows.common-controls_6595b64144ccf1df_6.0.18362.657_none_e6c5b579130e3898\COMCTL32.dll
0x00007ff9501b0000 - 0x00007ff9501d6000 	C:\Windows\System32\GDI32.dll
0x00007ff952020000 - 0x00007ff9520be000 	C:\Windows\System32\msvcrt.dll
0x00007ff9501e0000 - 0x00007ff950516000 	C:\Windows\System32\combase.dll
0x00007ff950e70000 - 0x00007ff950f90000 	C:\Windows\System32\RPCRT4.dll
0x00007ff94f130000 - 0x00007ff94f2c4000 	C:\Windows\System32\gdi32full.dll
0x00007ff94f730000 - 0x00007ff94f7b0000 	C:\Windows\System32\bcryptPrimitives.dll
0x00007ff94f090000 - 0x00007ff94f12e000 	C:\Windows\System32\msvcp_win.dll
0x00007ff950c10000 - 0x00007ff950c3e000 	C:\Windows\System32\IMM32.DLL
0x00007ff91e2f0000 - 0x00007ff91e38b000 	C:\Program Files\AdoptOpenJDK\jdk-11.0.6.10-hotspot\bin\msvcp140.dll
0x00007ff8fddf0000 - 0x00007ff8fe8ac000 	C:\Program Files\AdoptOpenJDK\jdk-11.0.6.10-hotspot\bin\server\jvm.dll
0x00007ff951eb0000 - 0x00007ff951f53000 	C:\Windows\System32\ADVAPI32.dll
0x00007ff9511d0000 - 0x00007ff951267000 	C:\Windows\System32\sechost.dll
0x00007ff9510c0000 - 0x00007ff9510c8000 	C:\Windows\System32\PSAPI.DLL
0x00007ff93e460000 - 0x00007ff93e469000 	C:\Windows\SYSTEM32\WSOCK32.dll
0x00007ff94b480000 - 0x00007ff94b4a4000 	C:\Windows\SYSTEM32\WINMM.dll
0x00007ff9513e0000 - 0x00007ff95144f000 	C:\Windows\System32\WS2_32.dll
0x00007ff9494e0000 - 0x00007ff9494ea000 	C:\Windows\SYSTEM32\VERSION.dll
0x00007ff94b450000 - 0x00007ff94b47d000 	C:\Windows\SYSTEM32\WINMMBASE.dll
0x00007ff94f410000 - 0x00007ff94f45a000 	C:\Windows\System32\cfgmgr32.dll
0x00007ff94f050000 - 0x00007ff94f061000 	C:\Windows\System32\kernel.appcore.dll
0x00007ff94b310000 - 0x00007ff94b320000 	C:\Program Files\AdoptOpenJDK\jdk-11.0.6.10-hotspot\bin\verify.dll
0x00007ff94d8e0000 - 0x00007ff94dad4000 	C:\Windows\SYSTEM32\DBGHELP.DLL
0x00007ff93c020000 - 0x00007ff93c04a000 	C:\Windows\SYSTEM32\dbgcore.DLL
0x00007ff947450000 - 0x00007ff947478000 	C:\Program Files\AdoptOpenJDK\jdk-11.0.6.10-hotspot\bin\java.dll
0x00007ff947430000 - 0x00007ff947447000 	C:\Program Files\AdoptOpenJDK\jdk-11.0.6.10-hotspot\bin\zip.dll
0x00007ff94b300000 - 0x00007ff94b30a000 	C:\Program Files\AdoptOpenJDK\jdk-11.0.6.10-hotspot\bin\jimage.dll
0x00007ff950520000 - 0x00007ff950c05000 	C:\Windows\System32\SHELL32.dll
0x00007ff951970000 - 0x00007ff951a19000 	C:\Windows\System32\shcore.dll
0x00007ff94fa00000 - 0x00007ff95017f000 	C:\Windows\System32\windows.storage.dll
0x00007ff94f070000 - 0x00007ff94f08f000 	C:\Windows\System32\profapi.dll
0x00007ff94f000000 - 0x00007ff94f04a000 	C:\Windows\System32\powrprof.dll
0x00007ff94efd0000 - 0x00007ff94efe0000 	C:\Windows\System32\UMPDC.dll
0x00007ff951060000 - 0x00007ff9510b2000 	C:\Windows\System32\shlwapi.dll
0x00007ff94f460000 - 0x00007ff94f477000 	C:\Windows\System32\cryptsp.dll
0x00007ff90a750000 - 0x00007ff90a8e9000 	C:\Program Files\AdoptOpenJDK\jdk-11.0.6.10-hotspot\bin\awt.dll
0x00007ff950f90000 - 0x00007ff951054000 	C:\Windows\System32\OLEAUT32.dll
0x00007ff94ccf0000 - 0x00007ff94cd7f000 	C:\Windows\SYSTEM32\apphelp.dll
0x00007ff94cfa0000 - 0x00007ff94d039000 	C:\Windows\system32\uxtheme.dll
0x00007ff951d70000 - 0x00007ff951ea5000 	C:\Windows\System32\MSCTF.dll
0x00007ff950d10000 - 0x00007ff950e66000 	C:\Windows\System32\ole32.dll
0x00007ff94d4d0000 - 0x00007ff94d4fd000 	C:\Windows\system32\DWMAPI.DLL
0x00007ff911d70000 - 0x00007ff911ec6000 	C:\Windows\system32\opengl32.dll
0x00007ff92b3f0000 - 0x00007ff92b41c000 	C:\Windows\SYSTEM32\GLU32.dll
0x00007ff94dcb0000 - 0x00007ff94dcd0000 	C:\Windows\SYSTEM32\dxcore.dll
0x00007ff9181f0000 - 0x00007ff918272000 	C:\Program Files\AdoptOpenJDK\jdk-11.0.6.10-hotspot\bin\freetype.dll
0x00007ff912d30000 - 0x00007ff912dd6000 	C:\Program Files\AdoptOpenJDK\jdk-11.0.6.10-hotspot\bin\fontmanager.dll
0x00007ff932660000 - 0x00007ff9326fe000 	C:\Windows\System32\TextInputFramework.dll
0x00007ff9476d0000 - 0x00007ff9479fa000 	C:\Windows\System32\CoreUIComponents.dll
0x00007ff94c9f0000 - 0x00007ff94cac4000 	C:\Windows\System32\CoreMessaging.dll
0x00007ff94e030000 - 0x00007ff94e061000 	C:\Windows\SYSTEM32\ntmarta.dll
0x00007ff94a290000 - 0x00007ff94a3e3000 	C:\Windows\SYSTEM32\wintypes.dll
0x00007ff947180000 - 0x00007ff947199000 	C:\Program Files\AdoptOpenJDK\jdk-11.0.6.10-hotspot\bin\net.dll
0x00007ff9451e0000 - 0x00007ff9452d0000 	C:\Windows\SYSTEM32\WINHTTP.dll
0x00007ff94e7e0000 - 0x00007ff94e847000 	C:\Windows\system32\mswsock.dll
0x00007ff93f640000 - 0x00007ff93f652000 	C:\Program Files\AdoptOpenJDK\jdk-11.0.6.10-hotspot\bin\nio.dll
0x00007ff93ce10000 - 0x00007ff93d0b6000 	C:\Windows\System32\iertutil.dll
0x00007ff9518c0000 - 0x00007ff951962000 	C:\Windows\System32\clbcatq.dll
0x00007ff9462c0000 - 0x00007ff94646f000 	C:\Windows\SYSTEM32\WindowsCodecs.dll
0x00007ff926e00000 - 0x00007ff926e3a000 	C:\Windows\system32\dataexchange.dll
0x00007ff94bd90000 - 0x00007ff94bfeb000 	C:\Windows\system32\d3d11.dll
0x00007ff94c450000 - 0x00007ff94c62b000 	C:\Windows\system32\dcomp.dll
0x00007ff94dda0000 - 0x00007ff94de8b000 	C:\Windows\system32\dxgi.dll
0x00007ff94d060000 - 0x00007ff94d2ba000 	C:\Windows\system32\twinapi.appcore.dll
0x00007ff94d3c0000 - 0x00007ff94d3e9000 	C:\Windows\system32\RMCLIENT.dll

dbghelp: loaded successfully - version: 4.0.5 - missing functions: none
symbol engine: initialized successfully - sym options: 0x614 - pdb path: .;C:\Program Files\AdoptOpenJDK\jdk-11.0.6.10-hotspot\bin;C:\Windows\SYSTEM32;C:\Windows\WinSxS\amd64_microsoft.windows.common-controls_6595b64144ccf1df_6.0.18362.657_none_e6c5b579130e3898;C:\Program Files\AdoptOpenJDK\jdk-11.0.6.10-hotspot\bin\server

VM Arguments:
jvm_args: -Dfile.encoding=Cp1252 
java_command: calculator.Main
java_class_path (initial): G:\Eclipse\Calculator\bin
Launcher Type: SUN_STANDARD

[Global flags]
     intx CICompilerCount                          = 4                                         {product} {ergonomic}
     uint ConcGCThreads                            = 2                                         {product} {ergonomic}
     uint G1ConcRefinementThreads                  = 8                                         {product} {ergonomic}
   size_t G1HeapRegionSize                         = 1048576                                   {product} {ergonomic}
    uintx GCDrainStackTargetSize                   = 64                                        {product} {ergonomic}
   size_t InitialHeapSize                          = 134217728                                 {product} {ergonomic}
   size_t MarkStackSize                            = 4194304                                   {product} {ergonomic}
   size_t MaxHeapSize                              = 2118123520                                {product} {ergonomic}
   size_t MaxNewSize                               = 1270874112                                {product} {ergonomic}
   size_t MinHeapDeltaBytes                        = 1048576                                   {product} {ergonomic}
    uintx NonNMethodCodeHeapSize                   = 5836300                                {pd product} {ergonomic}
    uintx NonProfiledCodeHeapSize                  = 122910970                              {pd product} {ergonomic}
    uintx ProfiledCodeHeapSize                     = 122910970                              {pd product} {ergonomic}
    uintx ReservedCodeCacheSize                    = 251658240                              {pd product} {ergonomic}
     bool SegmentedCodeCache                       = true                                      {product} {ergonomic}
     bool UseCompressedClassPointers               = true                                 {lp64_product} {ergonomic}
     bool UseCompressedOops                        = true                                 {lp64_product} {ergonomic}
     bool UseG1GC                                  = true                                      {product} {ergonomic}
     bool UseLargePagesIndividualAllocation        = false                                  {pd product} {ergonomic}

Logging:
Log output configuration:
 #0: stdout all=warning uptime,level,tags
 #1: stderr all=off uptime,level,tags

Environment Variables:
PATH=C:/Program Files/AdoptOpenJDK/jdk-11.0.6.10-hotspot/bin/client;C:/Program Files/AdoptOpenJDK/jdk-11.0.6.10-hotspot/bin;C:\Program Files\AdoptOpenJDK\jdk-11.0.6.10-hotspot\bin;C:\Windows\system32;C:\Windows;C:\Windows\System32\Wbem;C:\Windows\System32\WindowsPowerShell\v1.0\;C:\Windows\System32\OpenSSH\;C:\Program Files (x86)\Microsoft SQL Server\150\DTS\Binn\;C:\Program Files\Microsoft SQL Server\Client SDK\ODBC\130\Tools\Binn\;C:\Program Files (x86)\Microsoft SQL Server\140\Tools\Binn\;C:\Program Files\Microsoft SQL Server\140\Tools\Binn\;C:\Program Files\Microsoft SQL Server\140\DTS\Binn\;C:\Program Files\dotnet\;G:\Git\Git\cmd;C:\Users\bogdy\AppData\Local\Microsoft\WindowsApps;C:\Users\bogdy\AppData\Local\Programs\Microsoft VS Code\bin;C:\Windows\System32;
USERNAME=bogdy
OS=Windows_NT
PROCESSOR_IDENTIFIER=Intel64 Family 6 Model 142 Stepping 10, GenuineIntel



---------------  S Y S T E M  ---------------

OS: Windows 10 , 64 bit Build 18362 (10.0.18362.329)

CPU:total 8 (initial active 8) (4 cores per cpu, 2 threads per core) family 6 model 142 stepping 10, cmov, cx8, fxsr, mmx, sse, sse2, sse3, ssse3, sse4.1, sse4.2, popcnt, avx, avx2, aes, clmul, erms, 3dnowpref, lzcnt, ht, tsc, tscinvbit, bmi1, bmi2, adx, fma

Memory: 4k page, system-wide physical 8074M (932M free)
TotalPageFile size 32650M (AvailPageFile size 206M)
current process WorkingSet (physical memory assigned to process): 94M, peak: 104M
current process commit charge ("private bytes"): 228M, peak: 238M

vm_info: OpenJDK 64-Bit Server VM (11.0.6+10) for windows-amd64 JRE (11.0.6+10), built on Jan 15 2020 06:14:58 by "" with MS VC++ 15.8 (VS2017)

END.
